2017-06-21 08:59:29 [INFO]-[com.yf.core.util.ftp.FTPUtils.getFtpClient(FTPUtils.java:48)] FTP地址:[211.99.132.176]，FTP端口:[10021]
2017-06-21 08:59:29 [INFO]-[com.yf.core.util.ftp.FTPUtils.getFtpClient(FTPUtils.java:49)] FTP登录名:[ftpadmin]，FTP登录密码:[ftpadmin]
2017-06-21 08:59:29 [INFO]-[com.yf.core.util.ftp.FTPUtils.getFtpClient(FTPUtils.java:62)] =======FTP连接成功！=======
2017-06-21 08:59:29 [INFO]-[com.yf.core.util.ftp.FTPUtils.getFtpClient(FTPUtils.java:80)] =======FTP登录成功!=======
2017-06-21 08:59:29 [INFO]-[com.yf.core.util.ftp.FTPUtils.getFtpClient(FTPUtils.java:91)] replyCode:230
2017-06-21 08:59:29 [INFO]-[com.yf.core.util.ftp.FTPUtils.downLoadFile(FTPUtils.java:153)] 远程文件个数:[11]
2017-06-21 08:59:30 [INFO]-[com.yf.core.util.ftp.FTPUtils.disconnectFtp(FTPUtils.java:118)] =======FTP断连成功！=======
2017-06-21 09:00:04 [INFO]-[com.yf.core.util.ftp.FTPUtils.getFtpClient(FTPUtils.java:48)] FTP地址:[211.99.132.176]，FTP端口:[10221]
2017-06-21 09:00:04 [INFO]-[com.yf.core.util.ftp.FTPUtils.getFtpClient(FTPUtils.java:49)] FTP登录名:[ftpadmin]，FTP登录密码:[ftpadmin]
2017-06-21 09:00:25 [ERROR]-[com.yf.core.util.ftp.FTPUtils.getFtpClient(FTPUtils.java:64)] =======FTP连接异常[Socket异常]！=======
java.net.ConnectException: Connection timed out: connect
	at java.net.DualStackPlainSocketImpl.connect0(Native Method)
	at java.net.DualStackPlainSocketImpl.socketConnect(DualStackPlainSocketImpl.java:79)
	at java.net.AbstractPlainSocketImpl.doConnect(AbstractPlainSocketImpl.java:350)
	at java.net.AbstractPlainSocketImpl.connectToAddress(AbstractPlainSocketImpl.java:206)
	at java.net.AbstractPlainSocketImpl.connect(AbstractPlainSocketImpl.java:188)
	at java.net.PlainSocketImpl.connect(PlainSocketImpl.java:172)
	at java.net.SocksSocketImpl.connect(SocksSocketImpl.java:392)
	at java.net.Socket.connect(Socket.java:589)
	at org.apache.commons.net.SocketClient.connect(SocketClient.java:188)
	at org.apache.commons.net.SocketClient.connect(SocketClient.java:209)
	at com.yf.core.util.ftp.FTPUtils.getFtpClient(FTPUtils.java:60)
	at com.yf.core.util.ftp.FTPUtils.downLoadFile(FTPUtils.java:129)
	at com.yf.core.util.ftp.FTPUtils.main(FTPUtils.java:183)
2017-06-21 09:01:50 [INFO]-[com.yf.core.util.ftp.FTPUtils.getFtpClient(FTPUtils.java:48)] FTP地址:[211.99.132.176]，FTP端口:[10221]
2017-06-21 09:01:50 [INFO]-[com.yf.core.util.ftp.FTPUtils.getFtpClient(FTPUtils.java:49)] FTP登录名:[ftpadmin]，FTP登录密码:[ftpadmin]
2017-06-21 09:02:11 [ERROR]-[com.yf.core.util.ftp.FTPUtils.getFtpClient(FTPUtils.java:64)] =======FTP连接异常[Socket异常]！=======
java.net.ConnectException: Connection timed out: connect
	at java.net.DualStackPlainSocketImpl.connect0(Native Method)
	at java.net.DualStackPlainSocketImpl.socketConnect(DualStackPlainSocketImpl.java:79)
	at java.net.AbstractPlainSocketImpl.doConnect(AbstractPlainSocketImpl.java:350)
	at java.net.AbstractPlainSocketImpl.connectToAddress(AbstractPlainSocketImpl.java:206)
	at java.net.AbstractPlainSocketImpl.connect(AbstractPlainSocketImpl.java:188)
	at java.net.PlainSocketImpl.connect(PlainSocketImpl.java:172)
	at java.net.SocksSocketImpl.connect(SocksSocketImpl.java:392)
	at java.net.Socket.connect(Socket.java:589)
	at org.apache.commons.net.SocketClient.connect(SocketClient.java:188)
	at org.apache.commons.net.SocketClient.connect(SocketClient.java:209)
	at com.yf.core.util.ftp.FTPUtils.getFtpClient(FTPUtils.java:60)
	at com.yf.core.util.ftp.FTPUtils.downLoadFile(FTPUtils.java:129)
	at com.yf.core.util.ftp.FTPUtils.main(FTPUtils.java:187)
2017-06-21 09:02:11 [ERROR]-[com.yf.core.util.ftp.FTPUtils.downLoadFile(FTPUtils.java:132)] =======FTP客户端获取失败！=======
2017-06-21 12:09:44 [INFO]-[com.yf.core.util.ftp.FTPUtils.getFtpClient(FTPUtils.java:48)] FTP地址:[42.123.92.9]，FTP端口:[12321]
2017-06-21 12:09:45 [INFO]-[com.yf.core.util.ftp.FTPUtils.getFtpClient(FTPUtils.java:49)] FTP登录名:[mysftp]，FTP登录密码:[mysftp]
2017-06-21 12:09:45 [ERROR]-[com.yf.core.util.ftp.FTPUtils.getFtpClient(FTPUtils.java:67)] =======FTP连接异常[IO异常]！=======
org.apache.commons.net.MalformedServerReplyException: Could not parse response code.
Server Reply: SSH-2.0-OpenSSH_6.6.1
	at org.apache.commons.net.ftp.FTP.__getReply(FTP.java:336)
	at org.apache.commons.net.ftp.FTP.__getReply(FTP.java:292)
	at org.apache.commons.net.ftp.FTP._connectAction_(FTP.java:418)
	at org.apache.commons.net.ftp.FTPClient._connectAction_(FTPClient.java:966)
	at org.apache.commons.net.ftp.FTPClient._connectAction_(FTPClient.java:954)
	at org.apache.commons.net.SocketClient.connect(SocketClient.java:189)
	at org.apache.commons.net.SocketClient.connect(SocketClient.java:209)
	at com.yf.core.util.ftp.FTPUtils.getFtpClient(FTPUtils.java:60)
	at com.yf.core.util.ftp.FTPUtils.downLoadFile(FTPUtils.java:130)
	at com.yf.core.util.ftp.FTPUtils.main(FTPUtils.java:199)
2017-06-21 12:09:45 [ERROR]-[com.yf.core.util.ftp.FTPUtils.downLoadFile(FTPUtils.java:133)] =======FTP客户端获取失败！=======
2017-06-21 12:10:04 [INFO]-[com.yf.core.util.ftp.FTPUtils.getFtpClient(FTPUtils.java:48)] FTP地址:[42.123.92.9]，FTP端口:[12321]
2017-06-21 12:10:04 [INFO]-[com.yf.core.util.ftp.FTPUtils.getFtpClient(FTPUtils.java:49)] FTP登录名:[mysftp]，FTP登录密码:[ismmysftp]
2017-06-21 12:10:05 [ERROR]-[com.yf.core.util.ftp.FTPUtils.getFtpClient(FTPUtils.java:67)] =======FTP连接异常[IO异常]！=======
org.apache.commons.net.MalformedServerReplyException: Could not parse response code.
Server Reply: SSH-2.0-OpenSSH_6.6.1
	at org.apache.commons.net.ftp.FTP.__getReply(FTP.java:336)
	at org.apache.commons.net.ftp.FTP.__getReply(FTP.java:292)
	at org.apache.commons.net.ftp.FTP._connectAction_(FTP.java:418)
	at org.apache.commons.net.ftp.FTPClient._connectAction_(FTPClient.java:966)
	at org.apache.commons.net.ftp.FTPClient._connectAction_(FTPClient.java:954)
	at org.apache.commons.net.SocketClient.connect(SocketClient.java:189)
	at org.apache.commons.net.SocketClient.connect(SocketClient.java:209)
	at com.yf.core.util.ftp.FTPUtils.getFtpClient(FTPUtils.java:60)
	at com.yf.core.util.ftp.FTPUtils.downLoadFile(FTPUtils.java:130)
	at com.yf.core.util.ftp.FTPUtils.main(FTPUtils.java:199)
2017-06-21 12:10:05 [ERROR]-[com.yf.core.util.ftp.FTPUtils.downLoadFile(FTPUtils.java:133)] =======FTP客户端获取失败！=======
2017-06-21 12:19:12 [INFO]-[com.yf.core.util.ftp.FTPUtils.getFtpClient(FTPUtils.java:48)] FTP地址:[42.123.92.9]，FTP端口:[12321]
2017-06-21 12:19:12 [INFO]-[com.yf.core.util.ftp.FTPUtils.getFtpClient(FTPUtils.java:49)] FTP登录名:[ismmysftp]，FTP登录密码:[TBPoBgObWXvx5ZEcVbb9jrmOn40W2zAX]
2017-06-21 12:19:12 [ERROR]-[com.yf.core.util.ftp.FTPUtils.getFtpClient(FTPUtils.java:67)] =======FTP连接异常[IO异常]！=======
org.apache.commons.net.MalformedServerReplyException: Could not parse response code.
Server Reply: SSH-2.0-OpenSSH_6.6.1
	at org.apache.commons.net.ftp.FTP.__getReply(FTP.java:336)
	at org.apache.commons.net.ftp.FTP.__getReply(FTP.java:292)
	at org.apache.commons.net.ftp.FTP._connectAction_(FTP.java:418)
	at org.apache.commons.net.ftp.FTPClient._connectAction_(FTPClient.java:966)
	at org.apache.commons.net.ftp.FTPClient._connectAction_(FTPClient.java:954)
	at org.apache.commons.net.SocketClient.connect(SocketClient.java:189)
	at org.apache.commons.net.SocketClient.connect(SocketClient.java:209)
	at com.yf.core.util.ftp.FTPUtils.getFtpClient(FTPUtils.java:60)
	at com.yf.core.util.ftp.FTPUtils.downLoadFile(FTPUtils.java:130)
	at com.yf.core.util.ftp.FTPUtils.main(FTPUtils.java:199)
2017-06-21 12:19:12 [ERROR]-[com.yf.core.util.ftp.FTPUtils.downLoadFile(FTPUtils.java:133)] =======FTP客户端获取失败！=======
2017-06-21 15:42:41 [INFO]-[com.yf.core.util.ftp.FTPUtils.getFtpClient(FTPUtils.java:48)] FTP地址:[42.123.92.9]，FTP端口:[12321]
2017-06-21 15:42:41 [INFO]-[com.yf.core.util.ftp.FTPUtils.getFtpClient(FTPUtils.java:49)] FTP登录名:[ismmysftp]，FTP登录密码:[TBPoBgObWXvx5ZEcVbb9jrmOn40W2zAX]
2017-06-21 15:42:42 [ERROR]-[com.yf.core.util.ftp.FTPUtils.getFtpClient(FTPUtils.java:67)] =======FTP连接异常[IO异常]！=======
org.apache.commons.net.MalformedServerReplyException: Could not parse response code.
Server Reply: SSH-2.0-OpenSSH_6.6.1
	at org.apache.commons.net.ftp.FTP.__getReply(FTP.java:336)
	at org.apache.commons.net.ftp.FTP.__getReply(FTP.java:292)
	at org.apache.commons.net.ftp.FTP._connectAction_(FTP.java:418)
	at org.apache.commons.net.ftp.FTPClient._connectAction_(FTPClient.java:966)
	at org.apache.commons.net.ftp.FTPClient._connectAction_(FTPClient.java:954)
	at org.apache.commons.net.SocketClient.connect(SocketClient.java:189)
	at org.apache.commons.net.SocketClient.connect(SocketClient.java:209)
	at com.yf.core.util.ftp.FTPUtils.getFtpClient(FTPUtils.java:60)
	at com.yf.core.util.ftp.FTPUtils.downLoadFile(FTPUtils.java:130)
	at com.yf.core.util.ftp.FTPUtils.main(FTPUtils.java:204)
2017-06-21 15:42:42 [ERROR]-[com.yf.core.util.ftp.FTPUtils.downLoadFile(FTPUtils.java:133)] =======FTP客户端获取失败！=======
2017-06-21 15:42:58 [INFO]-[com.yf.core.util.ftp.FTPUtils.getFtpClient(FTPUtils.java:48)] FTP地址:[211.99.132.176]，FTP端口:[10221]
2017-06-21 15:42:58 [INFO]-[com.yf.core.util.ftp.FTPUtils.getFtpClient(FTPUtils.java:49)] FTP登录名:[ftpadmin]，FTP登录密码:[ftpadmin]
2017-06-21 15:43:20 [INFO]-[com.yf.core.util.ftp.FTPUtils.getFtpClient(FTPUtils.java:48)] FTP地址:[211.99.132.176]，FTP端口:[10221]
2017-06-21 15:43:20 [INFO]-[com.yf.core.util.ftp.FTPUtils.getFtpClient(FTPUtils.java:49)] FTP登录名:[ftpadmin]，FTP登录密码:[ftpadmin]
2017-06-21 15:43:41 [ERROR]-[com.yf.core.util.ftp.FTPUtils.getFtpClient(FTPUtils.java:64)] =======FTP连接异常[Socket异常]！=======
java.net.ConnectException: Connection timed out: connect
	at java.net.DualStackPlainSocketImpl.connect0(Native Method)
	at java.net.DualStackPlainSocketImpl.socketConnect(DualStackPlainSocketImpl.java:79)
	at java.net.AbstractPlainSocketImpl.doConnect(AbstractPlainSocketImpl.java:350)
	at java.net.AbstractPlainSocketImpl.connectToAddress(AbstractPlainSocketImpl.java:206)
	at java.net.AbstractPlainSocketImpl.connect(AbstractPlainSocketImpl.java:188)
	at java.net.PlainSocketImpl.connect(PlainSocketImpl.java:172)
	at java.net.SocksSocketImpl.connect(SocksSocketImpl.java:392)
	at java.net.Socket.connect(Socket.java:589)
	at org.apache.commons.net.SocketClient.connect(SocketClient.java:188)
	at org.apache.commons.net.SocketClient.connect(SocketClient.java:209)
	at com.yf.core.util.ftp.FTPUtils.getFtpClient(FTPUtils.java:60)
	at com.yf.core.util.ftp.FTPUtils.downLoadFile(FTPUtils.java:130)
	at com.yf.core.util.ftp.FTPUtils.main(FTPUtils.java:203)
2017-06-21 15:43:41 [ERROR]-[com.yf.core.util.ftp.FTPUtils.downLoadFile(FTPUtils.java:133)] =======FTP客户端获取失败！=======
2017-06-21 15:48:02 [INFO]-[com.yf.core.util.ftp.FTPUtils.getFtpClient(FTPUtils.java:47)] FTP地址:[192.168.1.105]，FTP端口:[21]
2017-06-21 15:48:02 [INFO]-[com.yf.core.util.ftp.FTPUtils.getFtpClient(FTPUtils.java:48)] FTP登录名:[zftp]，FTP登录密码:[1111]
2017-06-21 15:48:02 [INFO]-[com.yf.core.util.ftp.FTPUtils.getFtpClient(FTPUtils.java:61)] =======FTP连接成功！=======
2017-06-21 15:48:02 [INFO]-[com.yf.core.util.ftp.FTPUtils.getFtpClient(FTPUtils.java:74)] =======FTP登录失败!=======
2017-06-21 15:48:03 [INFO]-[com.yf.core.util.ftp.FTPUtils.disconnectFtp(FTPUtils.java:117)] =======FTP断连成功！=======
2017-06-21 15:48:03 [ERROR]-[com.yf.core.util.ftp.FTPUtils.downLoadFile(FTPUtils.java:132)] =======FTP客户端获取失败！=======
2017-06-21 15:48:25 [INFO]-[com.yf.core.util.ftp.FTPUtils.getFtpClient(FTPUtils.java:47)] FTP地址:[192.168.1.105]，FTP端口:[21]
2017-06-21 15:48:25 [INFO]-[com.yf.core.util.ftp.FTPUtils.getFtpClient(FTPUtils.java:48)] FTP登录名:[zftp]，FTP登录密码:[1111]
2017-06-21 15:48:25 [INFO]-[com.yf.core.util.ftp.FTPUtils.getFtpClient(FTPUtils.java:61)] =======FTP连接成功！=======
2017-06-21 15:48:25 [WARN]-[com.yf.core.util.ftp.FTPUtils.getFtpClient(FTPUtils.java:74)] =======FTP登录失败!=======
2017-06-21 15:48:26 [INFO]-[com.yf.core.util.ftp.FTPUtils.disconnectFtp(FTPUtils.java:117)] =======FTP断连成功！=======
2017-06-21 15:48:26 [ERROR]-[com.yf.core.util.ftp.FTPUtils.downLoadFile(FTPUtils.java:132)] =======FTP客户端获取失败！=======
2017-06-21 15:48:57 [INFO]-[com.yf.core.util.ftp.FTPUtils.getFtpClient(FTPUtils.java:47)] FTP地址:[192.168.1.105]，FTP端口:[21]
2017-06-21 15:48:57 [INFO]-[com.yf.core.util.ftp.FTPUtils.getFtpClient(FTPUtils.java:48)] FTP登录名:[zftp]，FTP登录密码:[zftp]
2017-06-21 15:48:57 [INFO]-[com.yf.core.util.ftp.FTPUtils.getFtpClient(FTPUtils.java:61)] =======FTP连接成功！=======
2017-06-21 15:48:57 [INFO]-[com.yf.core.util.ftp.FTPUtils.getFtpClient(FTPUtils.java:79)] =======FTP登录成功!=======
2017-06-21 15:48:57 [INFO]-[com.yf.core.util.ftp.FTPUtils.getFtpClient(FTPUtils.java:90)] replyCode:230
2017-06-21 15:48:57 [ERROR]-[com.yf.core.util.ftp.FTPUtils.downLoadFile(FTPUtils.java:137)] =======请设置要切换的FTP目录！=======
2017-06-21 15:49:10 [INFO]-[com.yf.core.util.ftp.FTPUtils.getFtpClient(FTPUtils.java:47)] FTP地址:[192.168.1.105]，FTP端口:[21]
2017-06-21 15:49:10 [INFO]-[com.yf.core.util.ftp.FTPUtils.getFtpClient(FTPUtils.java:48)] FTP登录名:[zftp]，FTP登录密码:[zftp]
2017-06-21 15:49:10 [INFO]-[com.yf.core.util.ftp.FTPUtils.getFtpClient(FTPUtils.java:61)] =======FTP连接成功！=======
2017-06-21 15:49:10 [INFO]-[com.yf.core.util.ftp.FTPUtils.getFtpClient(FTPUtils.java:79)] =======FTP登录成功!=======
2017-06-21 15:49:10 [INFO]-[com.yf.core.util.ftp.FTPUtils.getFtpClient(FTPUtils.java:90)] replyCode:230
2017-06-21 15:49:10 [ERROR]-[com.yf.core.util.ftp.FTPUtils.downLoadFile(FTPUtils.java:137)] =======请设置要切换的FTP目录！=======
2017-06-21 15:53:02 [INFO]-[com.yf.core.util.ftp.FTPUtils.getFtpClient(FTPUtils.java:47)] FTP地址:[192.168.1.105]，FTP端口:[21]
2017-06-21 15:53:02 [INFO]-[com.yf.core.util.ftp.FTPUtils.getFtpClient(FTPUtils.java:48)] FTP登录名:[zftp]，FTP登录密码:[zftp]
2017-06-21 15:53:02 [INFO]-[com.yf.core.util.ftp.FTPUtils.getFtpClient(FTPUtils.java:61)] =======FTP连接成功！=======
2017-06-21 15:53:02 [INFO]-[com.yf.core.util.ftp.FTPUtils.getFtpClient(FTPUtils.java:79)] =======FTP登录成功!=======
2017-06-21 15:53:02 [INFO]-[com.yf.core.util.ftp.FTPUtils.getFtpClient(FTPUtils.java:90)] replyCode:230
2017-06-21 15:53:03 [INFO]-[com.yf.core.util.ftp.FTPUtils.downLoadFile(FTPUtils.java:169)] 远程文件个数:[1]
2017-06-21 15:53:03 [INFO]-[com.yf.core.util.ftp.FTPUtils.disconnectFtp(FTPUtils.java:117)] =======FTP断连成功！=======
2017-06-21 15:54:20 [INFO]-[com.yf.core.util.ftp.FTPUtils.getFtpClient(FTPUtils.java:47)] FTP地址:[192.168.1.105]，FTP端口:[21]
2017-06-21 15:54:20 [INFO]-[com.yf.core.util.ftp.FTPUtils.getFtpClient(FTPUtils.java:48)] FTP登录名:[zftp]，FTP登录密码:[zftp]
2017-06-21 15:54:20 [INFO]-[com.yf.core.util.ftp.FTPUtils.getFtpClient(FTPUtils.java:61)] =======FTP连接成功！=======
2017-06-21 15:54:20 [INFO]-[com.yf.core.util.ftp.FTPUtils.getFtpClient(FTPUtils.java:79)] =======FTP登录成功!=======
2017-06-21 15:54:20 [INFO]-[com.yf.core.util.ftp.FTPUtils.getFtpClient(FTPUtils.java:90)] replyCode:230
2017-06-21 15:54:20 [INFO]-[com.yf.core.util.ftp.FTPUtils.downLoadFile(FTPUtils.java:169)] 远程文件个数:[0]
2017-06-21 15:54:20 [INFO]-[com.yf.core.util.ftp.FTPUtils.disconnectFtp(FTPUtils.java:117)] =======FTP断连成功！=======
2017-06-21 15:55:13 [INFO]-[com.yf.core.util.ftp.FTPUtils.getFtpClient(FTPUtils.java:47)] FTP地址:[192.168.1.105]，FTP端口:[21]
2017-06-21 15:55:13 [INFO]-[com.yf.core.util.ftp.FTPUtils.getFtpClient(FTPUtils.java:48)] FTP登录名:[zftp]，FTP登录密码:[zftp]
2017-06-21 15:55:13 [INFO]-[com.yf.core.util.ftp.FTPUtils.getFtpClient(FTPUtils.java:61)] =======FTP连接成功！=======
2017-06-21 15:55:13 [INFO]-[com.yf.core.util.ftp.FTPUtils.getFtpClient(FTPUtils.java:79)] =======FTP登录成功!=======
2017-06-21 15:55:13 [INFO]-[com.yf.core.util.ftp.FTPUtils.getFtpClient(FTPUtils.java:90)] replyCode:230
2017-06-21 15:55:14 [INFO]-[com.yf.core.util.ftp.FTPUtils.downLoadFile(FTPUtils.java:169)] 远程文件个数:[2]
2017-06-21 15:55:14 [INFO]-[com.yf.core.util.ftp.FTPUtils.disconnectFtp(FTPUtils.java:117)] =======FTP断连成功！=======
2017-06-21 15:55:58 [INFO]-[com.yf.core.util.ftp.FTPUtils.getFtpClient(FTPUtils.java:47)] FTP地址:[192.168.1.105]，FTP端口:[21]
2017-06-21 15:55:58 [INFO]-[com.yf.core.util.ftp.FTPUtils.getFtpClient(FTPUtils.java:48)] FTP登录名:[zftp]，FTP登录密码:[zftp]
2017-06-21 15:55:58 [INFO]-[com.yf.core.util.ftp.FTPUtils.getFtpClient(FTPUtils.java:61)] =======FTP连接成功！=======
2017-06-21 15:55:58 [INFO]-[com.yf.core.util.ftp.FTPUtils.getFtpClient(FTPUtils.java:79)] =======FTP登录成功!=======
2017-06-21 15:55:58 [INFO]-[com.yf.core.util.ftp.FTPUtils.getFtpClient(FTPUtils.java:90)] replyCode:230
2017-06-21 15:55:58 [INFO]-[com.yf.core.util.ftp.FTPUtils.downLoadFile(FTPUtils.java:169)] 远程文件个数:[2]
2017-06-21 15:55:58 [INFO]-[com.yf.core.util.ftp.FTPUtils.disconnectFtp(FTPUtils.java:117)] =======FTP断连成功！=======
2017-06-21 20:57:37 [INFO]-[com.yf.core.util.ftp.FTPUtils.getFtpClient(FTPUtils.java:47)] FTP地址:[211.99.132.176]，FTP端口:[10221]
2017-06-21 20:57:37 [INFO]-[com.yf.core.util.ftp.FTPUtils.getFtpClient(FTPUtils.java:48)] FTP登录名:[ftpadmin]，FTP登录密码:[ftpadmin]
2017-06-21 20:57:58 [ERROR]-[com.yf.core.util.ftp.FTPUtils.getFtpClient(FTPUtils.java:63)] =======FTP连接异常[Socket异常]！=======
java.net.ConnectException: Connection timed out: connect
	at java.net.DualStackPlainSocketImpl.connect0(Native Method)
	at java.net.DualStackPlainSocketImpl.socketConnect(DualStackPlainSocketImpl.java:79)
	at java.net.AbstractPlainSocketImpl.doConnect(AbstractPlainSocketImpl.java:350)
	at java.net.AbstractPlainSocketImpl.connectToAddress(AbstractPlainSocketImpl.java:206)
	at java.net.AbstractPlainSocketImpl.connect(AbstractPlainSocketImpl.java:188)
	at java.net.PlainSocketImpl.connect(PlainSocketImpl.java:172)
	at java.net.SocksSocketImpl.connect(SocksSocketImpl.java:392)
	at java.net.Socket.connect(Socket.java:589)
	at org.apache.commons.net.SocketClient.connect(SocketClient.java:188)
	at org.apache.commons.net.SocketClient.connect(SocketClient.java:209)
	at com.yf.core.util.ftp.FTPUtils.getFtpClient(FTPUtils.java:59)
	at com.yf.core.util.ftp.FTPUtils.downLoadFile(FTPUtils.java:129)
	at com.yf.core.util.ftp.FTPUtils.main(FTPUtils.java:203)
2017-06-21 20:57:58 [ERROR]-[com.yf.core.util.ftp.FTPUtils.downLoadFile(FTPUtils.java:132)] =======FTP客户端获取失败！=======
2017-06-21 21:05:58 [INFO]-[com.yf.core.util.ftp.FTPUtils.getFtpClient(FTPUtils.java:47)] FTP地址:[211.99.132.176]，FTP端口:[10221]
2017-06-21 21:05:58 [INFO]-[com.yf.core.util.ftp.FTPUtils.getFtpClient(FTPUtils.java:48)] FTP登录名:[ftpadmin]，FTP登录密码:[ftpadmin]
2017-06-21 21:06:19 [ERROR]-[com.yf.core.util.ftp.FTPUtils.getFtpClient(FTPUtils.java:63)] =======FTP连接异常[Socket异常]！=======
java.net.ConnectException: Connection timed out: connect
	at java.net.DualStackPlainSocketImpl.connect0(Native Method)
	at java.net.DualStackPlainSocketImpl.socketConnect(DualStackPlainSocketImpl.java:79)
	at java.net.AbstractPlainSocketImpl.doConnect(AbstractPlainSocketImpl.java:350)
	at java.net.AbstractPlainSocketImpl.connectToAddress(AbstractPlainSocketImpl.java:206)
	at java.net.AbstractPlainSocketImpl.connect(AbstractPlainSocketImpl.java:188)
	at java.net.PlainSocketImpl.connect(PlainSocketImpl.java:172)
	at java.net.SocksSocketImpl.connect(SocksSocketImpl.java:392)
	at java.net.Socket.connect(Socket.java:589)
	at org.apache.commons.net.SocketClient.connect(SocketClient.java:188)
	at org.apache.commons.net.SocketClient.connect(SocketClient.java:209)
	at com.yf.core.util.ftp.FTPUtils.getFtpClient(FTPUtils.java:59)
	at com.yf.core.util.ftp.FTPUtils.downLoadFile(FTPUtils.java:129)
	at com.yf.core.util.ftp.FTPUtils.main(FTPUtils.java:203)
2017-06-21 21:06:19 [ERROR]-[com.yf.core.util.ftp.FTPUtils.downLoadFile(FTPUtils.java:132)] =======FTP客户端获取失败！=======
2017-06-21 21:07:50 [INFO]-[com.yf.core.util.ftp.FTPUtils.getFtpClient(FTPUtils.java:47)] FTP地址:[192.168.1.106]，FTP端口:[21]
2017-06-21 21:07:50 [INFO]-[com.yf.core.util.ftp.FTPUtils.getFtpClient(FTPUtils.java:48)] FTP登录名:[zftp]，FTP登录密码:[1111]
2017-06-21 21:07:51 [INFO]-[com.yf.core.util.ftp.FTPUtils.getFtpClient(FTPUtils.java:61)] =======FTP连接成功！=======
2017-06-21 21:07:51 [INFO]-[com.yf.core.util.ftp.FTPUtils.getFtpClient(FTPUtils.java:79)] =======FTP登录成功!=======
2017-06-21 21:07:51 [INFO]-[com.yf.core.util.ftp.FTPUtils.getFtpClient(FTPUtils.java:90)] replyCode:230
2017-06-21 21:07:51 [ERROR]-[com.yf.core.util.ftp.FTPUtils.downLoadFile(FTPUtils.java:137)] =======请设置要切换的FTP目录！=======
2017-06-21 21:08:06 [INFO]-[com.yf.core.util.ftp.FTPUtils.getFtpClient(FTPUtils.java:47)] FTP地址:[192.168.1.106]，FTP端口:[21]
2017-06-21 21:08:06 [INFO]-[com.yf.core.util.ftp.FTPUtils.getFtpClient(FTPUtils.java:48)] FTP登录名:[zftp]，FTP登录密码:[1111]
2017-06-21 21:08:06 [INFO]-[com.yf.core.util.ftp.FTPUtils.getFtpClient(FTPUtils.java:61)] =======FTP连接成功！=======
2017-06-21 21:08:06 [INFO]-[com.yf.core.util.ftp.FTPUtils.getFtpClient(FTPUtils.java:79)] =======FTP登录成功!=======
2017-06-21 21:08:06 [INFO]-[com.yf.core.util.ftp.FTPUtils.getFtpClient(FTPUtils.java:90)] replyCode:230
2017-06-21 21:08:06 [ERROR]-[com.yf.core.util.ftp.FTPUtils.downLoadFile(FTPUtils.java:137)] =======请设置要切换的FTP目录！=======
2017-06-21 21:08:53 [INFO]-[com.yf.core.util.ftp.FTPUtils.getFtpClient(FTPUtils.java:47)] FTP地址:[192.168.1.106]，FTP端口:[21]
2017-06-21 21:08:53 [INFO]-[com.yf.core.util.ftp.FTPUtils.getFtpClient(FTPUtils.java:48)] FTP登录名:[zftp]，FTP登录密码:[1111]
2017-06-21 21:08:53 [INFO]-[com.yf.core.util.ftp.FTPUtils.getFtpClient(FTPUtils.java:61)] =======FTP连接成功！=======
2017-06-21 21:08:53 [INFO]-[com.yf.core.util.ftp.FTPUtils.getFtpClient(FTPUtils.java:79)] =======FTP登录成功!=======
2017-06-21 21:08:53 [INFO]-[com.yf.core.util.ftp.FTPUtils.getFtpClient(FTPUtils.java:90)] replyCode:230
2017-06-21 21:08:53 [INFO]-[com.yf.core.util.ftp.FTPUtils.downLoadFile(FTPUtils.java:169)] 远程文件个数:[1]
2017-06-21 21:08:53 [INFO]-[com.yf.core.util.ftp.FTPUtils.disconnectFtp(FTPUtils.java:117)] =======FTP断连成功！=======
2017-06-21 21:09:27 [INFO]-[com.yf.core.util.ftp.FTPUtils.getFtpClient(FTPUtils.java:47)] FTP地址:[192.168.1.106]，FTP端口:[21]
2017-06-21 21:09:27 [INFO]-[com.yf.core.util.ftp.FTPUtils.getFtpClient(FTPUtils.java:48)] FTP登录名:[zftp]，FTP登录密码:[1111]
2017-06-21 21:09:27 [INFO]-[com.yf.core.util.ftp.FTPUtils.getFtpClient(FTPUtils.java:61)] =======FTP连接成功！=======
2017-06-21 21:09:27 [INFO]-[com.yf.core.util.ftp.FTPUtils.getFtpClient(FTPUtils.java:79)] =======FTP登录成功!=======
2017-06-21 21:09:27 [INFO]-[com.yf.core.util.ftp.FTPUtils.getFtpClient(FTPUtils.java:90)] replyCode:230
2017-06-21 21:09:27 [INFO]-[com.yf.core.util.ftp.FTPUtils.downLoadFile(FTPUtils.java:169)] 远程文件个数:[1]
2017-06-21 21:09:27 [INFO]-[com.yf.core.util.ftp.FTPUtils.disconnectFtp(FTPUtils.java:117)] =======FTP断连成功！=======
2017-06-21 21:09:47 [INFO]-[com.yf.core.util.ftp.FTPUtils.getFtpClient(FTPUtils.java:47)] FTP地址:[192.168.1.106]，FTP端口:[21]
2017-06-21 21:09:47 [INFO]-[com.yf.core.util.ftp.FTPUtils.getFtpClient(FTPUtils.java:48)] FTP登录名:[zftp]，FTP登录密码:[1111]
2017-06-21 21:09:47 [INFO]-[com.yf.core.util.ftp.FTPUtils.getFtpClient(FTPUtils.java:61)] =======FTP连接成功！=======
2017-06-21 21:09:47 [INFO]-[com.yf.core.util.ftp.FTPUtils.getFtpClient(FTPUtils.java:79)] =======FTP登录成功!=======
2017-06-21 21:09:47 [INFO]-[com.yf.core.util.ftp.FTPUtils.getFtpClient(FTPUtils.java:90)] replyCode:230
2017-06-21 21:09:47 [INFO]-[com.yf.core.util.ftp.FTPUtils.downLoadFile(FTPUtils.java:169)] 远程文件个数:[1]
2017-06-21 21:09:47 [INFO]-[com.yf.core.util.ftp.FTPUtils.disconnectFtp(FTPUtils.java:117)] =======FTP断连成功！=======
2017-06-21 21:30:56 [INFO]-[com.yf.core.util.ftp.FTPUtils.getFtpClient(FTPUtils.java:47)] FTP地址:[192.168.1.106]，FTP端口:[21]
2017-06-21 21:30:56 [INFO]-[com.yf.core.util.ftp.FTPUtils.getFtpClient(FTPUtils.java:48)] FTP登录名:[zftp]，FTP登录密码:[1111]
2017-06-21 21:30:56 [INFO]-[com.yf.core.util.ftp.FTPUtils.getFtpClient(FTPUtils.java:61)] =======FTP连接成功！=======
2017-06-21 21:30:56 [INFO]-[com.yf.core.util.ftp.FTPUtils.getFtpClient(FTPUtils.java:79)] =======FTP登录成功!=======
2017-06-21 21:30:56 [INFO]-[com.yf.core.util.ftp.FTPUtils.getFtpClient(FTPUtils.java:90)] replyCode:230
2017-06-21 21:30:56 [INFO]-[com.yf.core.util.ftp.FTPUtils.downLoadFile(FTPUtils.java:169)] 远程文件个数:[1]
2017-06-21 21:30:56 [INFO]-[com.yf.core.util.ftp.FTPUtils.disconnectFtp(FTPUtils.java:117)] =======FTP断连成功！=======
2017-06-21 21:31:37 [INFO]-[com.yf.core.util.ftp.FTPUtils.getFtpClient(FTPUtils.java:47)] FTP地址:[192.168.1.106]，FTP端口:[21]
2017-06-21 21:31:37 [INFO]-[com.yf.core.util.ftp.FTPUtils.getFtpClient(FTPUtils.java:48)] FTP登录名:[zftp]，FTP登录密码:[1111]
2017-06-21 21:31:37 [INFO]-[com.yf.core.util.ftp.FTPUtils.getFtpClient(FTPUtils.java:61)] =======FTP连接成功！=======
2017-06-21 21:31:37 [INFO]-[com.yf.core.util.ftp.FTPUtils.getFtpClient(FTPUtils.java:79)] =======FTP登录成功!=======
2017-06-21 21:31:37 [INFO]-[com.yf.core.util.ftp.FTPUtils.getFtpClient(FTPUtils.java:90)] replyCode:230
2017-06-21 21:31:37 [INFO]-[com.yf.core.util.ftp.FTPUtils.downLoadFile(FTPUtils.java:169)] 远程文件个数:[1]
2017-06-21 21:31:37 [INFO]-[com.yf.core.util.ftp.FTPUtils.disconnectFtp(FTPUtils.java:117)] =======FTP断连成功！=======
2017-06-21 21:32:00 [INFO]-[com.yf.core.util.ftp.FTPUtils.getFtpClient(FTPUtils.java:47)] FTP地址:[192.168.1.106]，FTP端口:[21]
2017-06-21 21:32:00 [INFO]-[com.yf.core.util.ftp.FTPUtils.getFtpClient(FTPUtils.java:48)] FTP登录名:[zftp]，FTP登录密码:[1111]
2017-06-21 21:32:00 [INFO]-[com.yf.core.util.ftp.FTPUtils.getFtpClient(FTPUtils.java:61)] =======FTP连接成功！=======
2017-06-21 21:32:00 [INFO]-[com.yf.core.util.ftp.FTPUtils.getFtpClient(FTPUtils.java:79)] =======FTP登录成功!=======
2017-06-21 21:32:00 [INFO]-[com.yf.core.util.ftp.FTPUtils.getFtpClient(FTPUtils.java:90)] replyCode:230
2017-06-21 21:32:00 [INFO]-[com.yf.core.util.ftp.FTPUtils.downLoadFile(FTPUtils.java:169)] 远程文件个数:[1]
2017-06-21 21:32:00 [INFO]-[com.yf.core.util.ftp.FTPUtils.disconnectFtp(FTPUtils.java:117)] =======FTP断连成功！=======
2017-06-21 21:32:10 [INFO]-[com.yf.core.util.ftp.FTPUtils.getFtpClient(FTPUtils.java:47)] FTP地址:[192.168.1.106]，FTP端口:[21]
2017-06-21 21:32:10 [INFO]-[com.yf.core.util.ftp.FTPUtils.getFtpClient(FTPUtils.java:48)] FTP登录名:[zftp]，FTP登录密码:[1111]
2017-06-21 21:32:10 [INFO]-[com.yf.core.util.ftp.FTPUtils.getFtpClient(FTPUtils.java:61)] =======FTP连接成功！=======
2017-06-21 21:32:10 [INFO]-[com.yf.core.util.ftp.FTPUtils.getFtpClient(FTPUtils.java:79)] =======FTP登录成功!=======
2017-06-21 21:32:10 [INFO]-[com.yf.core.util.ftp.FTPUtils.getFtpClient(FTPUtils.java:90)] replyCode:230
2017-06-21 21:32:10 [INFO]-[com.yf.core.util.ftp.FTPUtils.downLoadFile(FTPUtils.java:169)] 远程文件个数:[1]
2017-06-21 21:32:10 [INFO]-[com.yf.core.util.ftp.FTPUtils.disconnectFtp(FTPUtils.java:117)] =======FTP断连成功！=======
2017-06-21 21:33:19 [INFO]-[com.yf.core.util.ftp.FTPUtils.getFtpClient(FTPUtils.java:47)] FTP地址:[192.168.1.106]，FTP端口:[21]
2017-06-21 21:33:19 [INFO]-[com.yf.core.util.ftp.FTPUtils.getFtpClient(FTPUtils.java:48)] FTP登录名:[zftp]，FTP登录密码:[1111]
2017-06-21 21:33:19 [INFO]-[com.yf.core.util.ftp.FTPUtils.getFtpClient(FTPUtils.java:61)] =======FTP连接成功！=======
2017-06-21 21:33:19 [INFO]-[com.yf.core.util.ftp.FTPUtils.getFtpClient(FTPUtils.java:79)] =======FTP登录成功!=======
2017-06-21 21:33:19 [INFO]-[com.yf.core.util.ftp.FTPUtils.getFtpClient(FTPUtils.java:90)] replyCode:230
2017-06-21 21:33:19 [INFO]-[com.yf.core.util.ftp.FTPUtils.downLoadFile(FTPUtils.java:169)] 远程文件个数:[1]
2017-06-21 21:33:19 [INFO]-[com.yf.core.util.ftp.FTPUtils.disconnectFtp(FTPUtils.java:117)] =======FTP断连成功！=======
2017-06-21 21:33:32 [INFO]-[com.yf.core.util.ftp.FTPUtils.getFtpClient(FTPUtils.java:47)] FTP地址:[192.168.1.106]，FTP端口:[21]
2017-06-21 21:33:32 [INFO]-[com.yf.core.util.ftp.FTPUtils.getFtpClient(FTPUtils.java:48)] FTP登录名:[zftp]，FTP登录密码:[1111]
2017-06-21 21:33:32 [INFO]-[com.yf.core.util.ftp.FTPUtils.getFtpClient(FTPUtils.java:61)] =======FTP连接成功！=======
2017-06-21 21:33:32 [INFO]-[com.yf.core.util.ftp.FTPUtils.getFtpClient(FTPUtils.java:79)] =======FTP登录成功!=======
2017-06-21 21:33:32 [INFO]-[com.yf.core.util.ftp.FTPUtils.getFtpClient(FTPUtils.java:90)] replyCode:230
2017-06-21 21:33:32 [INFO]-[com.yf.core.util.ftp.FTPUtils.downLoadFile(FTPUtils.java:169)] 远程文件个数:[1]
2017-06-21 21:33:32 [INFO]-[com.yf.core.util.ftp.FTPUtils.disconnectFtp(FTPUtils.java:117)] =======FTP断连成功！=======
2017-06-21 21:36:27 [INFO]-[com.yf.core.util.ftp.FTPUtils.getFtpClient(FTPUtils.java:47)] FTP地址:[192.168.1.106]，FTP端口:[21]
2017-06-21 21:36:27 [INFO]-[com.yf.core.util.ftp.FTPUtils.getFtpClient(FTPUtils.java:48)] FTP登录名:[zftp]，FTP登录密码:[1111]
2017-06-21 21:36:27 [INFO]-[com.yf.core.util.ftp.FTPUtils.getFtpClient(FTPUtils.java:61)] =======FTP连接成功！=======
2017-06-21 21:36:27 [INFO]-[com.yf.core.util.ftp.FTPUtils.getFtpClient(FTPUtils.java:79)] =======FTP登录成功!=======
2017-06-21 21:36:27 [INFO]-[com.yf.core.util.ftp.FTPUtils.getFtpClient(FTPUtils.java:90)] replyCode:230
2017-06-21 21:36:27 [INFO]-[com.yf.core.util.ftp.FTPUtils.downLoadFile(FTPUtils.java:169)] 远程文件个数:[1]
2017-06-21 21:36:27 [INFO]-[com.yf.core.util.ftp.FTPUtils.disconnectFtp(FTPUtils.java:117)] =======FTP断连成功！=======
2017-06-21 21:44:20 [INFO]-[com.yf.core.util.ftp.FTPUtils.getFtpClient(FTPUtils.java:47)] FTP地址:[192.168.1.106]，FTP端口:[21]
2017-06-21 21:44:20 [INFO]-[com.yf.core.util.ftp.FTPUtils.getFtpClient(FTPUtils.java:48)] FTP登录名:[zftp]，FTP登录密码:[1111]
2017-06-21 21:44:20 [INFO]-[com.yf.core.util.ftp.FTPUtils.getFtpClient(FTPUtils.java:61)] =======FTP连接成功！=======
2017-06-21 21:44:20 [INFO]-[com.yf.core.util.ftp.FTPUtils.getFtpClient(FTPUtils.java:79)] =======FTP登录成功!=======
2017-06-21 21:44:20 [INFO]-[com.yf.core.util.ftp.FTPUtils.getFtpClient(FTPUtils.java:87)] 230 User logged in.

2017-06-21 21:44:20 [INFO]-[com.yf.core.util.ftp.FTPUtils.getFtpClient(FTPUtils.java:90)] replyCode:230
2017-06-21 21:44:20 [INFO]-[com.yf.core.util.ftp.FTPUtils.downLoadFile(FTPUtils.java:169)] 远程文件个数:[1]
2017-06-21 21:44:20 [INFO]-[com.yf.core.util.ftp.FTPUtils.disconnectFtp(FTPUtils.java:117)] =======FTP断连成功！=======
2017-06-21 21:45:06 [INFO]-[com.yf.core.util.ftp.FTPUtils.getFtpClient(FTPUtils.java:47)] FTP地址:[192.168.1.106]，FTP端口:[21]
2017-06-21 21:45:06 [INFO]-[com.yf.core.util.ftp.FTPUtils.getFtpClient(FTPUtils.java:48)] FTP登录名:[zftp]，FTP登录密码:[1111]
2017-06-21 21:45:06 [INFO]-[com.yf.core.util.ftp.FTPUtils.getFtpClient(FTPUtils.java:61)] =======FTP连接成功！=======
2017-06-21 21:45:06 [INFO]-[com.yf.core.util.ftp.FTPUtils.getFtpClient(FTPUtils.java:79)] =======FTP登录成功!=======
2017-06-21 21:45:06 [INFO]-[com.yf.core.util.ftp.FTPUtils.getFtpClient(FTPUtils.java:90)] replyCode:230
2017-06-21 21:45:06 [INFO]-[com.yf.core.util.ftp.FTPUtils.downLoadFile(FTPUtils.java:146)] 200 Type set to I.

2017-06-21 21:45:06 [INFO]-[com.yf.core.util.ftp.FTPUtils.downLoadFile(FTPUtils.java:170)] 远程文件个数:[1]
2017-06-21 21:45:06 [INFO]-[com.yf.core.util.ftp.FTPUtils.disconnectFtp(FTPUtils.java:117)] =======FTP断连成功！=======
2017-06-21 21:45:29 [INFO]-[com.yf.core.util.ftp.FTPUtils.getFtpClient(FTPUtils.java:47)] FTP地址:[192.168.1.106]，FTP端口:[21]
2017-06-21 21:45:29 [INFO]-[com.yf.core.util.ftp.FTPUtils.getFtpClient(FTPUtils.java:48)] FTP登录名:[zftp]，FTP登录密码:[1111]
2017-06-21 21:45:29 [INFO]-[com.yf.core.util.ftp.FTPUtils.getFtpClient(FTPUtils.java:61)] =======FTP连接成功！=======
2017-06-21 21:45:29 [INFO]-[com.yf.core.util.ftp.FTPUtils.getFtpClient(FTPUtils.java:79)] =======FTP登录成功!=======
2017-06-21 21:45:29 [INFO]-[com.yf.core.util.ftp.FTPUtils.getFtpClient(FTPUtils.java:90)] replyCode:230
2017-06-21 21:45:29 [INFO]-[com.yf.core.util.ftp.FTPUtils.downLoadFile(FTPUtils.java:147)] 211-Extended features supported:
 LANG EN*
 UTF8
 AUTH TLS;TLS-C;SSL;TLS-P;
 PBSZ
 PROT C;P;
 CCC
 HOST
 SIZE
 MDTM
 REST STREAM
211 END

2017-06-21 21:45:29 [INFO]-[com.yf.core.util.ftp.FTPUtils.downLoadFile(FTPUtils.java:171)] 远程文件个数:[1]
2017-06-21 21:45:29 [INFO]-[com.yf.core.util.ftp.FTPUtils.disconnectFtp(FTPUtils.java:117)] =======FTP断连成功！=======
2017-06-21 21:45:50 [INFO]-[com.yf.core.util.ftp.FTPUtils.getFtpClient(FTPUtils.java:47)] FTP地址:[192.168.1.106]，FTP端口:[21]
2017-06-21 21:45:50 [INFO]-[com.yf.core.util.ftp.FTPUtils.getFtpClient(FTPUtils.java:48)] FTP登录名:[zftp]，FTP登录密码:[1111]
2017-06-21 21:45:50 [INFO]-[com.yf.core.util.ftp.FTPUtils.getFtpClient(FTPUtils.java:61)] =======FTP连接成功！=======
2017-06-21 21:45:50 [INFO]-[com.yf.core.util.ftp.FTPUtils.getFtpClient(FTPUtils.java:79)] =======FTP登录成功!=======
2017-06-21 21:45:50 [INFO]-[com.yf.core.util.ftp.FTPUtils.getFtpClient(FTPUtils.java:90)] replyCode:230
2017-06-21 21:45:50 [INFO]-[com.yf.core.util.ftp.FTPUtils.downLoadFile(FTPUtils.java:147)] 211-Extended features supported:
 LANG EN*
 UTF8
 AUTH TLS;TLS-C;SSL;TLS-P;
 PBSZ
 PROT C;P;
 CCC
 HOST
 SIZE
 MDTM
 REST STREAM
211 END

2017-06-21 21:45:50 [INFO]-[com.yf.core.util.ftp.FTPUtils.downLoadFile(FTPUtils.java:171)] 远程文件个数:[1]
2017-06-21 21:45:50 [INFO]-[com.yf.core.util.ftp.FTPUtils.disconnectFtp(FTPUtils.java:117)] =======FTP断连成功！=======
2017-06-21 21:50:15 [INFO]-[com.yf.core.util.ftp.FTPUtils.getFtpClient(FTPUtils.java:47)] FTP地址:[192.168.1.106]，FTP端口:[21]
2017-06-21 21:50:15 [INFO]-[com.yf.core.util.ftp.FTPUtils.getFtpClient(FTPUtils.java:48)] FTP登录名:[zftp]，FTP登录密码:[1111]
2017-06-21 21:50:15 [INFO]-[com.yf.core.util.ftp.FTPUtils.getFtpClient(FTPUtils.java:61)] =======FTP连接成功！=======
2017-06-21 21:50:15 [INFO]-[com.yf.core.util.ftp.FTPUtils.getFtpClient(FTPUtils.java:79)] =======FTP登录成功!=======
2017-06-21 21:50:15 [INFO]-[com.yf.core.util.ftp.FTPUtils.getFtpClient(FTPUtils.java:90)] replyCode:230
2017-06-21 21:50:15 [INFO]-[com.yf.core.util.ftp.FTPUtils.downLoadFile(FTPUtils.java:147)] 211-Extended features supported:
 LANG EN*
 UTF8
 AUTH TLS;TLS-C;SSL;TLS-P;
 PBSZ
 PROT C;P;
 CCC
 HOST
 SIZE
 MDTM
 REST STREAM
211 END

2017-06-21 21:50:15 [INFO]-[com.yf.core.util.ftp.FTPUtils.downLoadFile(FTPUtils.java:171)] 远程文件个数:[1]
2017-06-21 21:50:15 [INFO]-[com.yf.core.util.ftp.FTPUtils.disconnectFtp(FTPUtils.java:117)] =======FTP断连成功！=======
2017-06-21 21:50:32 [INFO]-[com.yf.core.util.ftp.FTPUtils.getFtpClient(FTPUtils.java:47)] FTP地址:[192.168.1.106]，FTP端口:[21]
2017-06-21 21:50:32 [INFO]-[com.yf.core.util.ftp.FTPUtils.getFtpClient(FTPUtils.java:48)] FTP登录名:[zftp]，FTP登录密码:[1111]
2017-06-21 21:50:32 [INFO]-[com.yf.core.util.ftp.FTPUtils.getFtpClient(FTPUtils.java:61)] =======FTP连接成功！=======
2017-06-21 21:50:32 [INFO]-[com.yf.core.util.ftp.FTPUtils.getFtpClient(FTPUtils.java:79)] =======FTP登录成功!=======
2017-06-21 21:50:32 [INFO]-[com.yf.core.util.ftp.FTPUtils.getFtpClient(FTPUtils.java:90)] replyCode:230
2017-06-21 21:50:32 [INFO]-[com.yf.core.util.ftp.FTPUtils.downLoadFile(FTPUtils.java:147)] 211-Extended features supported:
 LANG EN*
 UTF8
 AUTH TLS;TLS-C;SSL;TLS-P;
 PBSZ
 PROT C;P;
 CCC
 HOST
 SIZE
 MDTM
 REST STREAM
211 END

2017-06-21 21:50:32 [INFO]-[com.yf.core.util.ftp.FTPUtils.downLoadFile(FTPUtils.java:171)] 远程文件个数:[1]
2017-06-21 21:50:32 [INFO]-[com.yf.core.util.ftp.FTPUtils.disconnectFtp(FTPUtils.java:117)] =======FTP断连成功！=======
2017-06-21 21:50:56 [INFO]-[com.yf.core.util.ftp.FTPUtils.getFtpClient(FTPUtils.java:47)] FTP地址:[192.168.1.106]，FTP端口:[21]
2017-06-21 21:50:56 [INFO]-[com.yf.core.util.ftp.FTPUtils.getFtpClient(FTPUtils.java:48)] FTP登录名:[zftp]，FTP登录密码:[1111]
2017-06-21 21:50:56 [INFO]-[com.yf.core.util.ftp.FTPUtils.getFtpClient(FTPUtils.java:61)] =======FTP连接成功！=======
2017-06-21 21:50:56 [INFO]-[com.yf.core.util.ftp.FTPUtils.getFtpClient(FTPUtils.java:79)] =======FTP登录成功!=======
2017-06-21 21:50:56 [INFO]-[com.yf.core.util.ftp.FTPUtils.getFtpClient(FTPUtils.java:90)] replyCode:230
2017-06-21 21:50:56 [INFO]-[com.yf.core.util.ftp.FTPUtils.downLoadFile(FTPUtils.java:147)] 211-Extended features supported:
 LANG EN*
 UTF8
 AUTH TLS;TLS-C;SSL;TLS-P;
 PBSZ
 PROT C;P;
 CCC
 HOST
 SIZE
 MDTM
 REST STREAM
211 END

2017-06-21 21:50:57 [INFO]-[com.yf.core.util.ftp.FTPUtils.downLoadFile(FTPUtils.java:171)] 远程文件个数:[1]
2017-06-21 21:50:57 [INFO]-[com.yf.core.util.ftp.FTPUtils.disconnectFtp(FTPUtils.java:117)] =======FTP断连成功！=======
2017-06-21 21:51:25 [INFO]-[com.yf.core.util.ftp.FTPUtils.getFtpClient(FTPUtils.java:47)] FTP地址:[192.168.1.106]，FTP端口:[21]
2017-06-21 21:51:25 [INFO]-[com.yf.core.util.ftp.FTPUtils.getFtpClient(FTPUtils.java:48)] FTP登录名:[zftp]，FTP登录密码:[1111]
2017-06-21 21:51:25 [INFO]-[com.yf.core.util.ftp.FTPUtils.getFtpClient(FTPUtils.java:61)] =======FTP连接成功！=======
2017-06-21 21:51:25 [INFO]-[com.yf.core.util.ftp.FTPUtils.getFtpClient(FTPUtils.java:79)] =======FTP登录成功!=======
2017-06-21 21:51:25 [INFO]-[com.yf.core.util.ftp.FTPUtils.getFtpClient(FTPUtils.java:90)] replyCode:230
2017-06-21 21:51:25 [INFO]-[com.yf.core.util.ftp.FTPUtils.downLoadFile(FTPUtils.java:147)] 211-Extended features supported:
 LANG EN*
 UTF8
 AUTH TLS;TLS-C;SSL;TLS-P;
 PBSZ
 PROT C;P;
 CCC
 HOST
 SIZE
 MDTM
 REST STREAM
211 END

2017-06-21 21:51:25 [INFO]-[com.yf.core.util.ftp.FTPUtils.downLoadFile(FTPUtils.java:171)] 远程文件个数:[1]
2017-06-21 21:51:25 [INFO]-[com.yf.core.util.ftp.FTPUtils.disconnectFtp(FTPUtils.java:117)] =======FTP断连成功！=======
2017-06-21 21:51:48 [INFO]-[com.yf.core.util.ftp.FTPUtils.getFtpClient(FTPUtils.java:47)] FTP地址:[192.168.1.106]，FTP端口:[21]
2017-06-21 21:51:48 [INFO]-[com.yf.core.util.ftp.FTPUtils.getFtpClient(FTPUtils.java:48)] FTP登录名:[zftp]，FTP登录密码:[1111]
2017-06-21 21:51:48 [INFO]-[com.yf.core.util.ftp.FTPUtils.getFtpClient(FTPUtils.java:61)] =======FTP连接成功！=======
2017-06-21 21:51:48 [INFO]-[com.yf.core.util.ftp.FTPUtils.getFtpClient(FTPUtils.java:79)] =======FTP登录成功!=======
2017-06-21 21:51:48 [INFO]-[com.yf.core.util.ftp.FTPUtils.getFtpClient(FTPUtils.java:90)] replyCode:230
2017-06-21 21:51:48 [INFO]-[com.yf.core.util.ftp.FTPUtils.downLoadFile(FTPUtils.java:147)] 211-Extended features supported:
 LANG EN*
 UTF8
 AUTH TLS;TLS-C;SSL;TLS-P;
 PBSZ
 PROT C;P;
 CCC
 HOST
 SIZE
 MDTM
 REST STREAM
211 END

2017-06-21 21:51:48 [INFO]-[com.yf.core.util.ftp.FTPUtils.downLoadFile(FTPUtils.java:171)] 远程文件个数:[1]
2017-06-21 21:51:48 [INFO]-[com.yf.core.util.ftp.FTPUtils.disconnectFtp(FTPUtils.java:117)] =======FTP断连成功！=======
2017-06-21 21:52:44 [INFO]-[com.yf.core.util.ftp.FTPUtils.getFtpClient(FTPUtils.java:47)] FTP地址:[192.168.1.106]，FTP端口:[21]
2017-06-21 21:52:44 [INFO]-[com.yf.core.util.ftp.FTPUtils.getFtpClient(FTPUtils.java:48)] FTP登录名:[zftp]，FTP登录密码:[1111]
2017-06-21 21:52:44 [INFO]-[com.yf.core.util.ftp.FTPUtils.getFtpClient(FTPUtils.java:61)] =======FTP连接成功！=======
2017-06-21 21:52:44 [INFO]-[com.yf.core.util.ftp.FTPUtils.getFtpClient(FTPUtils.java:79)] =======FTP登录成功!=======
2017-06-21 21:52:44 [INFO]-[com.yf.core.util.ftp.FTPUtils.getFtpClient(FTPUtils.java:90)] replyCode:230
2017-06-21 21:52:44 [INFO]-[com.yf.core.util.ftp.FTPUtils.downLoadFile(FTPUtils.java:147)] 211-Extended features supported:
 LANG EN*
 UTF8
 AUTH TLS;TLS-C;SSL;TLS-P;
 PBSZ
 PROT C;P;
 CCC
 HOST
 SIZE
 MDTM
 REST STREAM
211 END

2017-06-21 21:52:44 [INFO]-[com.yf.core.util.ftp.FTPUtils.downLoadFile(FTPUtils.java:171)] 远程文件个数:[1]
2017-06-21 21:52:44 [INFO]-[com.yf.core.util.ftp.FTPUtils.disconnectFtp(FTPUtils.java:117)] =======FTP断连成功！=======
2017-06-21 21:53:28 [INFO]-[com.yf.core.util.ftp.FTPUtils.getFtpClient(FTPUtils.java:47)] FTP地址:[192.168.1.106]，FTP端口:[21]
2017-06-21 21:53:28 [INFO]-[com.yf.core.util.ftp.FTPUtils.getFtpClient(FTPUtils.java:48)] FTP登录名:[zftp]，FTP登录密码:[1111]
2017-06-21 21:53:28 [INFO]-[com.yf.core.util.ftp.FTPUtils.getFtpClient(FTPUtils.java:61)] =======FTP连接成功！=======
2017-06-21 21:53:28 [INFO]-[com.yf.core.util.ftp.FTPUtils.getFtpClient(FTPUtils.java:79)] =======FTP登录成功!=======
2017-06-21 21:53:28 [INFO]-[com.yf.core.util.ftp.FTPUtils.getFtpClient(FTPUtils.java:90)] replyCode:230
2017-06-21 21:53:28 [INFO]-[com.yf.core.util.ftp.FTPUtils.downLoadFile(FTPUtils.java:147)] 211-Extended features supported:
 LANG EN*
 UTF8
 AUTH TLS;TLS-C;SSL;TLS-P;
 PBSZ
 PROT C;P;
 CCC
 HOST
 SIZE
 MDTM
 REST STREAM
211 END

2017-06-21 21:53:28 [INFO]-[com.yf.core.util.ftp.FTPUtils.downLoadFile(FTPUtils.java:171)] 远程文件个数:[1]
2017-06-21 21:53:28 [INFO]-[com.yf.core.util.ftp.FTPUtils.disconnectFtp(FTPUtils.java:117)] =======FTP断连成功！=======
2017-06-21 21:53:56 [INFO]-[com.yf.core.util.ftp.FTPUtils.getFtpClient(FTPUtils.java:47)] FTP地址:[192.168.1.106]，FTP端口:[21]
2017-06-21 21:53:56 [INFO]-[com.yf.core.util.ftp.FTPUtils.getFtpClient(FTPUtils.java:48)] FTP登录名:[zftp]，FTP登录密码:[1111]
2017-06-21 21:53:56 [INFO]-[com.yf.core.util.ftp.FTPUtils.getFtpClient(FTPUtils.java:61)] =======FTP连接成功！=======
2017-06-21 21:53:56 [INFO]-[com.yf.core.util.ftp.FTPUtils.getFtpClient(FTPUtils.java:79)] =======FTP登录成功!=======
2017-06-21 21:53:56 [INFO]-[com.yf.core.util.ftp.FTPUtils.getFtpClient(FTPUtils.java:90)] replyCode:230
2017-06-21 21:53:56 [INFO]-[com.yf.core.util.ftp.FTPUtils.downLoadFile(FTPUtils.java:147)] 211-Extended features supported:
 LANG EN*
 UTF8
 AUTH TLS;TLS-C;SSL;TLS-P;
 PBSZ
 PROT C;P;
 CCC
 HOST
 SIZE
 MDTM
 REST STREAM
211 END

2017-06-21 21:53:56 [INFO]-[com.yf.core.util.ftp.FTPUtils.downLoadFile(FTPUtils.java:171)] 远程文件个数:[1]
2017-06-21 21:53:56 [INFO]-[com.yf.core.util.ftp.FTPUtils.disconnectFtp(FTPUtils.java:117)] =======FTP断连成功！=======
2017-06-21 21:55:10 [INFO]-[com.yf.core.util.ftp.FTPUtils.getFtpClient(FTPUtils.java:47)] FTP地址:[192.168.1.106]，FTP端口:[21]
2017-06-21 21:55:10 [INFO]-[com.yf.core.util.ftp.FTPUtils.getFtpClient(FTPUtils.java:48)] FTP登录名:[zftp]，FTP登录密码:[1111]
2017-06-21 21:55:11 [INFO]-[com.yf.core.util.ftp.FTPUtils.getFtpClient(FTPUtils.java:61)] =======FTP连接成功！=======
2017-06-21 21:55:11 [INFO]-[com.yf.core.util.ftp.FTPUtils.getFtpClient(FTPUtils.java:79)] =======FTP登录成功!=======
2017-06-21 21:55:11 [INFO]-[com.yf.core.util.ftp.FTPUtils.getFtpClient(FTPUtils.java:90)] replyCode:230
2017-06-21 21:55:11 [INFO]-[com.yf.core.util.ftp.FTPUtils.downLoadFile(FTPUtils.java:147)] 211-Extended features supported:
 LANG EN*
 UTF8
 AUTH TLS;TLS-C;SSL;TLS-P;
 PBSZ
 PROT C;P;
 CCC
 HOST
 SIZE
 MDTM
 REST STREAM
211 END

2017-06-21 21:55:11 [INFO]-[com.yf.core.util.ftp.FTPUtils.downLoadFile(FTPUtils.java:171)] 远程文件个数:[2]
2017-06-21 21:55:11 [INFO]-[com.yf.core.util.ftp.FTPUtils.disconnectFtp(FTPUtils.java:117)] =======FTP断连成功！=======
2017-06-21 21:56:20 [INFO]-[com.yf.core.util.ftp.FTPUtils.getFtpClient(FTPUtils.java:47)] FTP地址:[192.168.1.106]，FTP端口:[21]
2017-06-21 21:56:20 [INFO]-[com.yf.core.util.ftp.FTPUtils.getFtpClient(FTPUtils.java:48)] FTP登录名:[zftp]，FTP登录密码:[1111]
2017-06-21 21:56:20 [INFO]-[com.yf.core.util.ftp.FTPUtils.getFtpClient(FTPUtils.java:61)] =======FTP连接成功！=======
2017-06-21 21:56:20 [INFO]-[com.yf.core.util.ftp.FTPUtils.getFtpClient(FTPUtils.java:79)] =======FTP登录成功!=======
2017-06-21 21:56:20 [INFO]-[com.yf.core.util.ftp.FTPUtils.getFtpClient(FTPUtils.java:90)] replyCode:230
2017-06-21 21:56:20 [INFO]-[com.yf.core.util.ftp.FTPUtils.downLoadFile(FTPUtils.java:147)] 211-Extended features supported:
 LANG EN*
 UTF8
 AUTH TLS;TLS-C;SSL;TLS-P;
 PBSZ
 PROT C;P;
 CCC
 HOST
 SIZE
 MDTM
 REST STREAM
211 END

2017-06-21 21:56:20 [INFO]-[com.yf.core.util.ftp.FTPUtils.downLoadFile(FTPUtils.java:171)] 远程文件个数:[2]
2017-06-21 21:56:20 [INFO]-[com.yf.core.util.ftp.FTPUtils.disconnectFtp(FTPUtils.java:117)] =======FTP断连成功！=======
2017-06-21 21:57:06 [INFO]-[com.yf.core.util.ftp.FTPUtils.getFtpClient(FTPUtils.java:47)] FTP地址:[192.168.1.106]，FTP端口:[21]
2017-06-21 21:57:06 [INFO]-[com.yf.core.util.ftp.FTPUtils.getFtpClient(FTPUtils.java:48)] FTP登录名:[zftp]，FTP登录密码:[1111]
2017-06-21 21:57:06 [INFO]-[com.yf.core.util.ftp.FTPUtils.getFtpClient(FTPUtils.java:61)] =======FTP连接成功！=======
2017-06-21 21:57:06 [INFO]-[com.yf.core.util.ftp.FTPUtils.getFtpClient(FTPUtils.java:79)] =======FTP登录成功!=======
2017-06-21 21:57:06 [INFO]-[com.yf.core.util.ftp.FTPUtils.getFtpClient(FTPUtils.java:90)] replyCode:230
2017-06-21 21:57:06 [INFO]-[com.yf.core.util.ftp.FTPUtils.downLoadFile(FTPUtils.java:147)] 211-Extended features supported:
 LANG EN*
 UTF8
 AUTH TLS;TLS-C;SSL;TLS-P;
 PBSZ
 PROT C;P;
 CCC
 HOST
 SIZE
 MDTM
 REST STREAM
211 END

2017-06-21 21:57:06 [INFO]-[com.yf.core.util.ftp.FTPUtils.downLoadFile(FTPUtils.java:171)] 远程文件个数:[3]
2017-06-21 21:57:06 [INFO]-[com.yf.core.util.ftp.FTPUtils.disconnectFtp(FTPUtils.java:117)] =======FTP断连成功！=======
2017-06-21 21:57:41 [INFO]-[com.yf.core.util.ftp.FTPUtils.getFtpClient(FTPUtils.java:47)] FTP地址:[192.168.1.106]，FTP端口:[21]
2017-06-21 21:57:41 [INFO]-[com.yf.core.util.ftp.FTPUtils.getFtpClient(FTPUtils.java:48)] FTP登录名:[zftp]，FTP登录密码:[1111]
2017-06-21 21:57:41 [INFO]-[com.yf.core.util.ftp.FTPUtils.getFtpClient(FTPUtils.java:61)] =======FTP连接成功！=======
2017-06-21 21:57:41 [INFO]-[com.yf.core.util.ftp.FTPUtils.getFtpClient(FTPUtils.java:79)] =======FTP登录成功!=======
2017-06-21 21:57:41 [INFO]-[com.yf.core.util.ftp.FTPUtils.getFtpClient(FTPUtils.java:90)] replyCode:230
2017-06-21 21:57:41 [INFO]-[com.yf.core.util.ftp.FTPUtils.downLoadFile(FTPUtils.java:147)] 211-Extended features supported:
 LANG EN*
 UTF8
 AUTH TLS;TLS-C;SSL;TLS-P;
 PBSZ
 PROT C;P;
 CCC
 HOST
 SIZE
 MDTM
 REST STREAM
211 END

2017-06-21 21:57:41 [INFO]-[com.yf.core.util.ftp.FTPUtils.downLoadFile(FTPUtils.java:171)] 远程文件个数:[4]
2017-06-21 21:57:41 [INFO]-[com.yf.core.util.ftp.FTPUtils.disconnectFtp(FTPUtils.java:117)] =======FTP断连成功！=======
2017-06-21 21:58:00 [INFO]-[com.yf.core.util.ftp.FTPUtils.getFtpClient(FTPUtils.java:47)] FTP地址:[192.168.1.106]，FTP端口:[21]
2017-06-21 21:58:00 [INFO]-[com.yf.core.util.ftp.FTPUtils.getFtpClient(FTPUtils.java:48)] FTP登录名:[zftp]，FTP登录密码:[1111]
2017-06-21 21:58:00 [INFO]-[com.yf.core.util.ftp.FTPUtils.getFtpClient(FTPUtils.java:61)] =======FTP连接成功！=======
2017-06-21 21:58:00 [INFO]-[com.yf.core.util.ftp.FTPUtils.getFtpClient(FTPUtils.java:79)] =======FTP登录成功!=======
2017-06-21 21:58:00 [INFO]-[com.yf.core.util.ftp.FTPUtils.getFtpClient(FTPUtils.java:90)] replyCode:230
2017-06-21 21:58:00 [INFO]-[com.yf.core.util.ftp.FTPUtils.downLoadFile(FTPUtils.java:147)] 211-Extended features supported:
 LANG EN*
 UTF8
 AUTH TLS;TLS-C;SSL;TLS-P;
 PBSZ
 PROT C;P;
 CCC
 HOST
 SIZE
 MDTM
 REST STREAM
211 END

2017-06-21 21:58:00 [INFO]-[com.yf.core.util.ftp.FTPUtils.downLoadFile(FTPUtils.java:171)] 远程文件个数:[4]
2017-06-21 21:58:01 [INFO]-[com.yf.core.util.ftp.FTPUtils.disconnectFtp(FTPUtils.java:117)] =======FTP断连成功！=======
2017-06-21 21:58:48 [INFO]-[com.yf.core.util.ftp.FTPUtils.getFtpClient(FTPUtils.java:47)] FTP地址:[192.168.1.106]，FTP端口:[21]
2017-06-21 21:58:48 [INFO]-[com.yf.core.util.ftp.FTPUtils.getFtpClient(FTPUtils.java:48)] FTP登录名:[zftp]，FTP登录密码:[1111]
2017-06-21 21:58:48 [INFO]-[com.yf.core.util.ftp.FTPUtils.getFtpClient(FTPUtils.java:61)] =======FTP连接成功！=======
2017-06-21 21:58:48 [INFO]-[com.yf.core.util.ftp.FTPUtils.getFtpClient(FTPUtils.java:79)] =======FTP登录成功!=======
2017-06-21 21:58:48 [INFO]-[com.yf.core.util.ftp.FTPUtils.getFtpClient(FTPUtils.java:90)] replyCode:230
2017-06-21 21:58:48 [INFO]-[com.yf.core.util.ftp.FTPUtils.downLoadFile(FTPUtils.java:147)] 211-Extended features supported:
 LANG EN*
 UTF8
 AUTH TLS;TLS-C;SSL;TLS-P;
 PBSZ
 PROT C;P;
 CCC
 HOST
 SIZE
 MDTM
 REST STREAM
211 END

2017-06-21 21:58:48 [INFO]-[com.yf.core.util.ftp.FTPUtils.downLoadFile(FTPUtils.java:171)] 远程文件个数:[5]
2017-06-21 21:58:48 [INFO]-[com.yf.core.util.ftp.FTPUtils.disconnectFtp(FTPUtils.java:117)] =======FTP断连成功！=======
2017-06-21 21:59:17 [INFO]-[com.yf.core.util.ftp.FTPUtils.getFtpClient(FTPUtils.java:47)] FTP地址:[192.168.1.106]，FTP端口:[21]
2017-06-21 21:59:17 [INFO]-[com.yf.core.util.ftp.FTPUtils.getFtpClient(FTPUtils.java:48)] FTP登录名:[zftp]，FTP登录密码:[1111]
2017-06-21 21:59:17 [INFO]-[com.yf.core.util.ftp.FTPUtils.getFtpClient(FTPUtils.java:61)] =======FTP连接成功！=======
2017-06-21 21:59:17 [INFO]-[com.yf.core.util.ftp.FTPUtils.getFtpClient(FTPUtils.java:79)] =======FTP登录成功!=======
2017-06-21 21:59:17 [INFO]-[com.yf.core.util.ftp.FTPUtils.getFtpClient(FTPUtils.java:90)] replyCode:230
2017-06-21 21:59:17 [INFO]-[com.yf.core.util.ftp.FTPUtils.downLoadFile(FTPUtils.java:147)] 211-Extended features supported:
 LANG EN*
 UTF8
 AUTH TLS;TLS-C;SSL;TLS-P;
 PBSZ
 PROT C;P;
 CCC
 HOST
 SIZE
 MDTM
 REST STREAM
211 END

2017-06-21 21:59:17 [INFO]-[com.yf.core.util.ftp.FTPUtils.downLoadFile(FTPUtils.java:171)] 远程文件个数:[5]
2017-06-21 21:59:18 [INFO]-[com.yf.core.util.ftp.FTPUtils.disconnectFtp(FTPUtils.java:117)] =======FTP断连成功！=======
2017-06-21 22:05:31 [INFO]-[com.yf.core.util.ftp.FTPUtils.getFtpClient(FTPUtils.java:47)] FTP地址:[192.168.1.106]，FTP端口:[21]
2017-06-21 22:05:31 [INFO]-[com.yf.core.util.ftp.FTPUtils.getFtpClient(FTPUtils.java:48)] FTP登录名:[zftp]，FTP登录密码:[1111]
2017-06-21 22:05:31 [INFO]-[com.yf.core.util.ftp.FTPUtils.getFtpClient(FTPUtils.java:61)] =======FTP连接成功！=======
2017-06-21 22:05:32 [INFO]-[com.yf.core.util.ftp.FTPUtils.getFtpClient(FTPUtils.java:79)] =======FTP登录成功!=======
2017-06-21 22:05:32 [INFO]-[com.yf.core.util.ftp.FTPUtils.getFtpClient(FTPUtils.java:102)] replyCode:200
2017-06-21 22:05:32 [INFO]-[com.yf.core.util.ftp.FTPUtils.downLoadFile(FTPUtils.java:183)] 远程文件个数:[5]
2017-06-21 22:05:32 [INFO]-[com.yf.core.util.ftp.FTPUtils.disconnectFtp(FTPUtils.java:129)] =======FTP断连成功！=======
2017-06-21 22:06:03 [INFO]-[com.yf.core.util.ftp.FTPUtils.getFtpClient(FTPUtils.java:47)] FTP地址:[192.168.1.106]，FTP端口:[21]
2017-06-21 22:06:03 [INFO]-[com.yf.core.util.ftp.FTPUtils.getFtpClient(FTPUtils.java:48)] FTP登录名:[zftp]，FTP登录密码:[1111]
2017-06-21 22:06:03 [INFO]-[com.yf.core.util.ftp.FTPUtils.getFtpClient(FTPUtils.java:61)] =======FTP连接成功！=======
2017-06-21 22:06:03 [INFO]-[com.yf.core.util.ftp.FTPUtils.getFtpClient(FTPUtils.java:79)] =======FTP登录成功!=======
2017-06-21 22:06:03 [INFO]-[com.yf.core.util.ftp.FTPUtils.getFtpClient(FTPUtils.java:102)] replyCode:200
2017-06-21 22:06:03 [INFO]-[com.yf.core.util.ftp.FTPUtils.downLoadFile(FTPUtils.java:183)] 远程文件个数:[5]
2017-06-21 22:06:03 [INFO]-[com.yf.core.util.ftp.FTPUtils.disconnectFtp(FTPUtils.java:129)] =======FTP断连成功！=======
2017-06-21 22:14:23 [INFO]-[com.yf.core.util.ftp.FTPUtils.getFtpClient(FTPUtils.java:54)] FTP地址:[192.168.1.106]，FTP端口:[21]
2017-06-21 22:14:23 [INFO]-[com.yf.core.util.ftp.FTPUtils.getFtpClient(FTPUtils.java:55)] FTP登录名:[zftp]，FTP登录密码:[1111]
2017-06-21 22:14:23 [INFO]-[com.yf.core.util.ftp.FTPUtils.getFtpClient(FTPUtils.java:68)] =======FTP连接成功！=======
2017-06-21 22:14:23 [INFO]-[com.yf.core.util.ftp.FTPUtils.getFtpClient(FTPUtils.java:86)] =======FTP登录成功!=======
2017-06-21 22:14:23 [INFO]-[com.yf.core.util.ftp.FTPUtils.getFtpClient(FTPUtils.java:105)] replyCode:200
2017-06-21 22:14:23 [INFO]-[com.yf.core.util.ftp.FTPUtils.downLoadFile(FTPUtils.java:186)] 远程文件个数:[5]
2017-06-21 22:14:23 [INFO]-[com.yf.core.util.ftp.FTPUtils.disconnectFtp(FTPUtils.java:132)] =======FTP断连成功！=======
2017-06-21 22:15:26 [INFO]-[com.yf.core.util.ftp.FTPUtils.getFtpClient(FTPUtils.java:54)] FTP地址:[192.168.1.106]，FTP端口:[21]
2017-06-21 22:15:26 [INFO]-[com.yf.core.util.ftp.FTPUtils.getFtpClient(FTPUtils.java:55)] FTP登录名:[zftp]，FTP登录密码:[1111]
2017-06-21 22:15:26 [INFO]-[com.yf.core.util.ftp.FTPUtils.getFtpClient(FTPUtils.java:68)] =======FTP连接成功！=======
2017-06-21 22:15:26 [INFO]-[com.yf.core.util.ftp.FTPUtils.getFtpClient(FTPUtils.java:86)] =======FTP登录成功!=======
2017-06-21 22:15:26 [INFO]-[com.yf.core.util.ftp.FTPUtils.getFtpClient(FTPUtils.java:105)] replyCode:200
2017-06-21 22:15:26 [INFO]-[com.yf.core.util.ftp.FTPUtils.downLoadFile(FTPUtils.java:186)] 远程文件个数:[5]
2017-06-21 22:15:32 [INFO]-[com.yf.core.util.ftp.FTPUtils.disconnectFtp(FTPUtils.java:132)] =======FTP断连成功！=======
2017-06-21 22:16:14 [INFO]-[com.yf.core.util.ftp.FTPUtils.getFtpClient(FTPUtils.java:54)] FTP地址:[192.168.1.106]，FTP端口:[21]
2017-06-21 22:16:14 [INFO]-[com.yf.core.util.ftp.FTPUtils.getFtpClient(FTPUtils.java:55)] FTP登录名:[zftp]，FTP登录密码:[1111]
2017-06-21 22:16:14 [INFO]-[com.yf.core.util.ftp.FTPUtils.getFtpClient(FTPUtils.java:68)] =======FTP连接成功！=======
2017-06-21 22:16:14 [INFO]-[com.yf.core.util.ftp.FTPUtils.getFtpClient(FTPUtils.java:86)] =======FTP登录成功!=======
2017-06-21 22:16:14 [INFO]-[com.yf.core.util.ftp.FTPUtils.getFtpClient(FTPUtils.java:105)] replyCode:200
2017-06-21 22:16:14 [INFO]-[com.yf.core.util.ftp.FTPUtils.downLoadFile(FTPUtils.java:186)] 远程文件个数:[5]
2017-06-21 22:16:20 [INFO]-[com.yf.core.util.ftp.FTPUtils.disconnectFtp(FTPUtils.java:132)] =======FTP断连成功！=======
2017-06-21 22:16:40 [INFO]-[com.yf.core.util.ftp.FTPUtils.getFtpClient(FTPUtils.java:54)] FTP地址:[192.168.1.106]，FTP端口:[21]
2017-06-21 22:16:40 [INFO]-[com.yf.core.util.ftp.FTPUtils.getFtpClient(FTPUtils.java:55)] FTP登录名:[zftp]，FTP登录密码:[1111]
2017-06-21 22:16:40 [INFO]-[com.yf.core.util.ftp.FTPUtils.getFtpClient(FTPUtils.java:68)] =======FTP连接成功！=======
2017-06-21 22:16:40 [INFO]-[com.yf.core.util.ftp.FTPUtils.getFtpClient(FTPUtils.java:86)] =======FTP登录成功!=======
2017-06-21 22:16:40 [INFO]-[com.yf.core.util.ftp.FTPUtils.getFtpClient(FTPUtils.java:105)] replyCode:200
2017-06-21 22:16:40 [INFO]-[com.yf.core.util.ftp.FTPUtils.downLoadFile(FTPUtils.java:186)] 远程文件个数:[2]
2017-06-21 22:16:40 [INFO]-[com.yf.core.util.ftp.FTPUtils.disconnectFtp(FTPUtils.java:132)] =======FTP断连成功！=======
2017-06-21 22:16:54 [INFO]-[com.yf.core.util.ftp.FTPUtils.getFtpClient(FTPUtils.java:54)] FTP地址:[192.168.1.106]，FTP端口:[21]
2017-06-21 22:16:54 [INFO]-[com.yf.core.util.ftp.FTPUtils.getFtpClient(FTPUtils.java:55)] FTP登录名:[zftp]，FTP登录密码:[1111]
2017-06-21 22:16:54 [INFO]-[com.yf.core.util.ftp.FTPUtils.getFtpClient(FTPUtils.java:68)] =======FTP连接成功！=======
2017-06-21 22:16:54 [INFO]-[com.yf.core.util.ftp.FTPUtils.getFtpClient(FTPUtils.java:86)] =======FTP登录成功!=======
2017-06-21 22:16:54 [INFO]-[com.yf.core.util.ftp.FTPUtils.getFtpClient(FTPUtils.java:105)] replyCode:200
2017-06-21 22:16:54 [INFO]-[com.yf.core.util.ftp.FTPUtils.downLoadFile(FTPUtils.java:186)] 远程文件个数:[2]
2017-06-21 22:16:54 [INFO]-[com.yf.core.util.ftp.FTPUtils.disconnectFtp(FTPUtils.java:132)] =======FTP断连成功！=======
2017-06-21 22:17:08 [INFO]-[com.yf.core.util.ftp.FTPUtils.getFtpClient(FTPUtils.java:54)] FTP地址:[192.168.1.106]，FTP端口:[21]
2017-06-21 22:17:08 [INFO]-[com.yf.core.util.ftp.FTPUtils.getFtpClient(FTPUtils.java:55)] FTP登录名:[zftp]，FTP登录密码:[1111]
2017-06-21 22:17:08 [INFO]-[com.yf.core.util.ftp.FTPUtils.getFtpClient(FTPUtils.java:68)] =======FTP连接成功！=======
2017-06-21 22:17:08 [INFO]-[com.yf.core.util.ftp.FTPUtils.getFtpClient(FTPUtils.java:86)] =======FTP登录成功!=======
2017-06-21 22:17:08 [INFO]-[com.yf.core.util.ftp.FTPUtils.getFtpClient(FTPUtils.java:105)] replyCode:200
2017-06-21 22:17:08 [INFO]-[com.yf.core.util.ftp.FTPUtils.downLoadFile(FTPUtils.java:186)] 远程文件个数:[2]
2017-06-21 22:17:08 [INFO]-[com.yf.core.util.ftp.FTPUtils.disconnectFtp(FTPUtils.java:132)] =======FTP断连成功！=======
2017-06-21 22:17:29 [INFO]-[com.yf.core.util.ftp.FTPUtils.getFtpClient(FTPUtils.java:54)] FTP地址:[192.168.1.106]，FTP端口:[21]
2017-06-21 22:17:29 [INFO]-[com.yf.core.util.ftp.FTPUtils.getFtpClient(FTPUtils.java:55)] FTP登录名:[zftp]，FTP登录密码:[1111]
2017-06-21 22:17:29 [INFO]-[com.yf.core.util.ftp.FTPUtils.getFtpClient(FTPUtils.java:68)] =======FTP连接成功！=======
2017-06-21 22:17:29 [INFO]-[com.yf.core.util.ftp.FTPUtils.getFtpClient(FTPUtils.java:86)] =======FTP登录成功!=======
2017-06-21 22:17:29 [INFO]-[com.yf.core.util.ftp.FTPUtils.getFtpClient(FTPUtils.java:105)] replyCode:200
2017-06-21 22:17:29 [INFO]-[com.yf.core.util.ftp.FTPUtils.downLoadFile(FTPUtils.java:186)] 远程文件个数:[2]
2017-06-21 22:17:29 [INFO]-[com.yf.core.util.ftp.FTPUtils.disconnectFtp(FTPUtils.java:132)] =======FTP断连成功！=======
2017-06-21 22:17:44 [INFO]-[com.yf.core.util.ftp.FTPUtils.getFtpClient(FTPUtils.java:54)] FTP地址:[192.168.1.106]，FTP端口:[21]
2017-06-21 22:17:44 [INFO]-[com.yf.core.util.ftp.FTPUtils.getFtpClient(FTPUtils.java:55)] FTP登录名:[zftp]，FTP登录密码:[1111]
2017-06-21 22:17:44 [INFO]-[com.yf.core.util.ftp.FTPUtils.getFtpClient(FTPUtils.java:68)] =======FTP连接成功！=======
2017-06-21 22:17:44 [INFO]-[com.yf.core.util.ftp.FTPUtils.getFtpClient(FTPUtils.java:86)] =======FTP登录成功!=======
2017-06-21 22:17:44 [INFO]-[com.yf.core.util.ftp.FTPUtils.getFtpClient(FTPUtils.java:105)] replyCode:200
2017-06-21 22:17:44 [INFO]-[com.yf.core.util.ftp.FTPUtils.downLoadFile(FTPUtils.java:186)] 远程文件个数:[2]
2017-06-21 22:17:44 [INFO]-[com.yf.core.util.ftp.FTPUtils.disconnectFtp(FTPUtils.java:132)] =======FTP断连成功！=======
2017-06-21 22:17:55 [INFO]-[com.yf.core.util.ftp.FTPUtils.getFtpClient(FTPUtils.java:54)] FTP地址:[192.168.1.106]，FTP端口:[21]
2017-06-21 22:17:55 [INFO]-[com.yf.core.util.ftp.FTPUtils.getFtpClient(FTPUtils.java:55)] FTP登录名:[zftp]，FTP登录密码:[1111]
2017-06-21 22:17:55 [INFO]-[com.yf.core.util.ftp.FTPUtils.getFtpClient(FTPUtils.java:68)] =======FTP连接成功！=======
2017-06-21 22:17:55 [INFO]-[com.yf.core.util.ftp.FTPUtils.getFtpClient(FTPUtils.java:86)] =======FTP登录成功!=======
2017-06-21 22:17:55 [INFO]-[com.yf.core.util.ftp.FTPUtils.getFtpClient(FTPUtils.java:105)] replyCode:200
2017-06-21 22:17:55 [INFO]-[com.yf.core.util.ftp.FTPUtils.downLoadFile(FTPUtils.java:186)] 远程文件个数:[2]
2017-06-21 22:17:55 [INFO]-[com.yf.core.util.ftp.FTPUtils.disconnectFtp(FTPUtils.java:132)] =======FTP断连成功！=======
2017-06-21 22:18:10 [INFO]-[com.yf.core.util.ftp.FTPUtils.getFtpClient(FTPUtils.java:54)] FTP地址:[192.168.1.106]，FTP端口:[21]
2017-06-21 22:18:10 [INFO]-[com.yf.core.util.ftp.FTPUtils.getFtpClient(FTPUtils.java:55)] FTP登录名:[zftp]，FTP登录密码:[1111]
2017-06-21 22:18:10 [INFO]-[com.yf.core.util.ftp.FTPUtils.getFtpClient(FTPUtils.java:68)] =======FTP连接成功！=======
2017-06-21 22:18:10 [INFO]-[com.yf.core.util.ftp.FTPUtils.getFtpClient(FTPUtils.java:86)] =======FTP登录成功!=======
2017-06-21 22:18:10 [INFO]-[com.yf.core.util.ftp.FTPUtils.getFtpClient(FTPUtils.java:105)] replyCode:200
2017-06-21 22:18:10 [INFO]-[com.yf.core.util.ftp.FTPUtils.downLoadFile(FTPUtils.java:186)] 远程文件个数:[2]
2017-06-21 22:18:10 [INFO]-[com.yf.core.util.ftp.FTPUtils.disconnectFtp(FTPUtils.java:132)] =======FTP断连成功！=======
2017-06-21 22:18:20 [INFO]-[com.yf.core.util.ftp.FTPUtils.getFtpClient(FTPUtils.java:54)] FTP地址:[192.168.1.106]，FTP端口:[21]
2017-06-21 22:18:20 [INFO]-[com.yf.core.util.ftp.FTPUtils.getFtpClient(FTPUtils.java:55)] FTP登录名:[zftp]，FTP登录密码:[1111]
2017-06-21 22:18:20 [INFO]-[com.yf.core.util.ftp.FTPUtils.getFtpClient(FTPUtils.java:68)] =======FTP连接成功！=======
2017-06-21 22:18:20 [INFO]-[com.yf.core.util.ftp.FTPUtils.getFtpClient(FTPUtils.java:86)] =======FTP登录成功!=======
2017-06-21 22:18:20 [INFO]-[com.yf.core.util.ftp.FTPUtils.getFtpClient(FTPUtils.java:105)] replyCode:200
2017-06-21 22:18:21 [INFO]-[com.yf.core.util.ftp.FTPUtils.downLoadFile(FTPUtils.java:186)] 远程文件个数:[2]
2017-06-21 22:18:21 [INFO]-[com.yf.core.util.ftp.FTPUtils.disconnectFtp(FTPUtils.java:132)] =======FTP断连成功！=======
2017-06-21 22:18:52 [INFO]-[com.yf.core.util.ftp.FTPUtils.getFtpClient(FTPUtils.java:54)] FTP地址:[192.168.1.106]，FTP端口:[21]
2017-06-21 22:18:52 [INFO]-[com.yf.core.util.ftp.FTPUtils.getFtpClient(FTPUtils.java:55)] FTP登录名:[zftp]，FTP登录密码:[1111]
2017-06-21 22:18:52 [INFO]-[com.yf.core.util.ftp.FTPUtils.getFtpClient(FTPUtils.java:68)] =======FTP连接成功！=======
2017-06-21 22:18:52 [INFO]-[com.yf.core.util.ftp.FTPUtils.getFtpClient(FTPUtils.java:86)] =======FTP登录成功!=======
2017-06-21 22:18:52 [INFO]-[com.yf.core.util.ftp.FTPUtils.getFtpClient(FTPUtils.java:105)] replyCode:200
2017-06-21 22:18:52 [INFO]-[com.yf.core.util.ftp.FTPUtils.downLoadFile(FTPUtils.java:186)] 远程文件个数:[2]
2017-06-21 22:18:52 [INFO]-[com.yf.core.util.ftp.FTPUtils.disconnectFtp(FTPUtils.java:132)] =======FTP断连成功！=======
2017-06-21 22:19:26 [INFO]-[com.yf.core.util.ftp.FTPUtils.getFtpClient(FTPUtils.java:54)] FTP地址:[192.168.1.106]，FTP端口:[21]
2017-06-21 22:19:26 [INFO]-[com.yf.core.util.ftp.FTPUtils.getFtpClient(FTPUtils.java:55)] FTP登录名:[zftp]，FTP登录密码:[1111]
2017-06-21 22:19:27 [INFO]-[com.yf.core.util.ftp.FTPUtils.getFtpClient(FTPUtils.java:68)] =======FTP连接成功！=======
2017-06-21 22:19:27 [INFO]-[com.yf.core.util.ftp.FTPUtils.getFtpClient(FTPUtils.java:86)] =======FTP登录成功!=======
2017-06-21 22:19:27 [INFO]-[com.yf.core.util.ftp.FTPUtils.getFtpClient(FTPUtils.java:105)] replyCode:200
2017-06-21 22:19:27 [INFO]-[com.yf.core.util.ftp.FTPUtils.downLoadFile(FTPUtils.java:186)] 远程文件个数:[2]
2017-06-21 22:19:27 [INFO]-[com.yf.core.util.ftp.FTPUtils.disconnectFtp(FTPUtils.java:132)] =======FTP断连成功！=======
2017-06-21 22:20:36 [INFO]-[com.yf.core.util.ftp.FTPUtils.getFtpClient(FTPUtils.java:54)] FTP地址:[192.168.1.106]，FTP端口:[21]
2017-06-21 22:20:36 [INFO]-[com.yf.core.util.ftp.FTPUtils.getFtpClient(FTPUtils.java:55)] FTP登录名:[zftp]，FTP登录密码:[1111]
2017-06-21 22:20:36 [INFO]-[com.yf.core.util.ftp.FTPUtils.getFtpClient(FTPUtils.java:68)] =======FTP连接成功！=======
2017-06-21 22:20:36 [INFO]-[com.yf.core.util.ftp.FTPUtils.getFtpClient(FTPUtils.java:86)] =======FTP登录成功!=======
2017-06-21 22:20:36 [INFO]-[com.yf.core.util.ftp.FTPUtils.getFtpClient(FTPUtils.java:105)] replyCode:200
2017-06-21 22:20:36 [INFO]-[com.yf.core.util.ftp.FTPUtils.downLoadFile(FTPUtils.java:185)] 远程文件个数:[5]
2017-06-21 22:20:42 [INFO]-[com.yf.core.util.ftp.FTPUtils.disconnectFtp(FTPUtils.java:132)] =======FTP断连成功！=======
2017-06-21 22:21:17 [INFO]-[com.yf.core.util.ftp.FTPUtils.getFtpClient(FTPUtils.java:54)] FTP地址:[192.168.1.106]，FTP端口:[21]
2017-06-21 22:21:17 [INFO]-[com.yf.core.util.ftp.FTPUtils.getFtpClient(FTPUtils.java:55)] FTP登录名:[zftp]，FTP登录密码:[1111]
2017-06-21 22:21:17 [INFO]-[com.yf.core.util.ftp.FTPUtils.getFtpClient(FTPUtils.java:68)] =======FTP连接成功！=======
2017-06-21 22:21:17 [INFO]-[com.yf.core.util.ftp.FTPUtils.getFtpClient(FTPUtils.java:86)] =======FTP登录成功!=======
2017-06-21 22:21:17 [INFO]-[com.yf.core.util.ftp.FTPUtils.getFtpClient(FTPUtils.java:105)] replyCode:200
2017-06-21 22:21:17 [INFO]-[com.yf.core.util.ftp.FTPUtils.downLoadFile(FTPUtils.java:185)] 远程文件个数:[5]
2017-06-21 22:21:23 [INFO]-[com.yf.core.util.ftp.FTPUtils.disconnectFtp(FTPUtils.java:132)] =======FTP断连成功！=======
2017-06-21 22:21:26 [INFO]-[com.yf.core.util.ftp.FTPUtils.getFtpClient(FTPUtils.java:54)] FTP地址:[192.168.1.106]，FTP端口:[21]
2017-06-21 22:21:26 [INFO]-[com.yf.core.util.ftp.FTPUtils.getFtpClient(FTPUtils.java:55)] FTP登录名:[zftp]，FTP登录密码:[1111]
2017-06-21 22:21:26 [INFO]-[com.yf.core.util.ftp.FTPUtils.getFtpClient(FTPUtils.java:68)] =======FTP连接成功！=======
2017-06-21 22:21:26 [INFO]-[com.yf.core.util.ftp.FTPUtils.getFtpClient(FTPUtils.java:86)] =======FTP登录成功!=======
2017-06-21 22:21:26 [INFO]-[com.yf.core.util.ftp.FTPUtils.getFtpClient(FTPUtils.java:105)] replyCode:200
2017-06-21 22:21:26 [INFO]-[com.yf.core.util.ftp.FTPUtils.downLoadFile(FTPUtils.java:185)] 远程文件个数:[5]
2017-06-21 22:21:32 [INFO]-[com.yf.core.util.ftp.FTPUtils.disconnectFtp(FTPUtils.java:132)] =======FTP断连成功！=======
2017-06-21 22:21:53 [INFO]-[com.yf.core.util.ftp.FTPUtils.getFtpClient(FTPUtils.java:54)] FTP地址:[192.168.1.106]，FTP端口:[21]
2017-06-21 22:21:53 [INFO]-[com.yf.core.util.ftp.FTPUtils.getFtpClient(FTPUtils.java:55)] FTP登录名:[zftp]，FTP登录密码:[1111]
2017-06-21 22:21:53 [INFO]-[com.yf.core.util.ftp.FTPUtils.getFtpClient(FTPUtils.java:68)] =======FTP连接成功！=======
2017-06-21 22:21:53 [INFO]-[com.yf.core.util.ftp.FTPUtils.getFtpClient(FTPUtils.java:86)] =======FTP登录成功!=======
2017-06-21 22:21:53 [INFO]-[com.yf.core.util.ftp.FTPUtils.getFtpClient(FTPUtils.java:105)] replyCode:200
2017-06-21 22:21:53 [INFO]-[com.yf.core.util.ftp.FTPUtils.downLoadFile(FTPUtils.java:185)] 远程文件个数:[6]
2017-06-21 22:21:59 [INFO]-[com.yf.core.util.ftp.FTPUtils.disconnectFtp(FTPUtils.java:132)] =======FTP断连成功！=======
2017-06-21 22:22:08 [INFO]-[com.yf.core.util.ftp.FTPUtils.getFtpClient(FTPUtils.java:54)] FTP地址:[192.168.1.106]，FTP端口:[21]
2017-06-21 22:22:08 [INFO]-[com.yf.core.util.ftp.FTPUtils.getFtpClient(FTPUtils.java:55)] FTP登录名:[zftp]，FTP登录密码:[1111]
2017-06-21 22:22:08 [INFO]-[com.yf.core.util.ftp.FTPUtils.getFtpClient(FTPUtils.java:68)] =======FTP连接成功！=======
2017-06-21 22:22:08 [INFO]-[com.yf.core.util.ftp.FTPUtils.getFtpClient(FTPUtils.java:86)] =======FTP登录成功!=======
2017-06-21 22:22:08 [INFO]-[com.yf.core.util.ftp.FTPUtils.getFtpClient(FTPUtils.java:105)] replyCode:200
2017-06-21 22:22:08 [INFO]-[com.yf.core.util.ftp.FTPUtils.downLoadFile(FTPUtils.java:185)] 远程文件个数:[7]
2017-06-21 22:22:14 [INFO]-[com.yf.core.util.ftp.FTPUtils.disconnectFtp(FTPUtils.java:132)] =======FTP断连成功！=======
2017-06-21 22:22:29 [INFO]-[com.yf.core.util.ftp.FTPUtils.getFtpClient(FTPUtils.java:54)] FTP地址:[192.168.1.106]，FTP端口:[21]
2017-06-21 22:22:29 [INFO]-[com.yf.core.util.ftp.FTPUtils.getFtpClient(FTPUtils.java:55)] FTP登录名:[zftp]，FTP登录密码:[1111]
2017-06-21 22:22:29 [INFO]-[com.yf.core.util.ftp.FTPUtils.getFtpClient(FTPUtils.java:68)] =======FTP连接成功！=======
2017-06-21 22:22:29 [INFO]-[com.yf.core.util.ftp.FTPUtils.getFtpClient(FTPUtils.java:86)] =======FTP登录成功!=======
2017-06-21 22:22:29 [INFO]-[com.yf.core.util.ftp.FTPUtils.getFtpClient(FTPUtils.java:105)] replyCode:200
2017-06-21 22:22:29 [INFO]-[com.yf.core.util.ftp.FTPUtils.downLoadFile(FTPUtils.java:185)] 远程文件个数:[7]
2017-06-21 22:22:35 [INFO]-[com.yf.core.util.ftp.FTPUtils.disconnectFtp(FTPUtils.java:132)] =======FTP断连成功！=======
2017-06-21 22:23:26 [INFO]-[com.yf.core.util.ftp.FTPUtils.getFtpClient(FTPUtils.java:54)] FTP地址:[192.168.1.106]，FTP端口:[21]
2017-06-21 22:23:26 [INFO]-[com.yf.core.util.ftp.FTPUtils.getFtpClient(FTPUtils.java:55)] FTP登录名:[zftp]，FTP登录密码:[1111]
2017-06-21 22:23:26 [INFO]-[com.yf.core.util.ftp.FTPUtils.getFtpClient(FTPUtils.java:68)] =======FTP连接成功！=======
2017-06-21 22:23:26 [INFO]-[com.yf.core.util.ftp.FTPUtils.getFtpClient(FTPUtils.java:86)] =======FTP登录成功!=======
2017-06-21 22:23:26 [INFO]-[com.yf.core.util.ftp.FTPUtils.getFtpClient(FTPUtils.java:105)] replyCode:200
2017-06-21 22:23:26 [INFO]-[com.yf.core.util.ftp.FTPUtils.downLoadFile(FTPUtils.java:183)] 远程文件个数:[7]
2017-06-21 22:23:33 [INFO]-[com.yf.core.util.ftp.FTPUtils.disconnectFtp(FTPUtils.java:132)] =======FTP断连成功！=======
2017-06-21 22:23:38 [INFO]-[com.yf.core.util.ftp.FTPUtils.getFtpClient(FTPUtils.java:54)] FTP地址:[192.168.1.106]，FTP端口:[21]
2017-06-21 22:23:38 [INFO]-[com.yf.core.util.ftp.FTPUtils.getFtpClient(FTPUtils.java:55)] FTP登录名:[zftp]，FTP登录密码:[1111]
2017-06-21 22:23:38 [INFO]-[com.yf.core.util.ftp.FTPUtils.getFtpClient(FTPUtils.java:68)] =======FTP连接成功！=======
2017-06-21 22:23:38 [INFO]-[com.yf.core.util.ftp.FTPUtils.getFtpClient(FTPUtils.java:86)] =======FTP登录成功!=======
2017-06-21 22:23:38 [INFO]-[com.yf.core.util.ftp.FTPUtils.getFtpClient(FTPUtils.java:105)] replyCode:200
2017-06-21 22:23:38 [INFO]-[com.yf.core.util.ftp.FTPUtils.downLoadFile(FTPUtils.java:183)] 远程文件个数:[7]
2017-06-21 22:23:45 [INFO]-[com.yf.core.util.ftp.FTPUtils.disconnectFtp(FTPUtils.java:132)] =======FTP断连成功！=======
