2017-06-25 11:02:08 [ERROR]-[com.yf.core.util.ftp.FTPUtils.getFtpClient(FTPUtils.java:70)] =======FTP连接异常[Socket异常]！=======
java.net.ConnectException: Connection timed out: connect
	at java.net.DualStackPlainSocketImpl.connect0(Native Method)
	at java.net.DualStackPlainSocketImpl.socketConnect(DualStackPlainSocketImpl.java:79)
	at java.net.AbstractPlainSocketImpl.doConnect(AbstractPlainSocketImpl.java:350)
	at java.net.AbstractPlainSocketImpl.connectToAddress(AbstractPlainSocketImpl.java:206)
	at java.net.AbstractPlainSocketImpl.connect(AbstractPlainSocketImpl.java:188)
	at java.net.PlainSocketImpl.connect(PlainSocketImpl.java:172)
	at java.net.SocksSocketImpl.connect(SocksSocketImpl.java:392)
	at java.net.Socket.connect(Socket.java:589)
	at org.apache.commons.net.SocketClient.connect(SocketClient.java:188)
	at org.apache.commons.net.SocketClient.connect(SocketClient.java:209)
	at com.yf.core.util.ftp.FTPUtils.getFtpClient(FTPUtils.java:66)
	at com.yf.core.util.ftp.FTPUtils.downLoadFile(FTPUtils.java:144)
	at com.yf.core.util.ftp.FTPUtils.main(FTPUtils.java:218)
2017-06-25 11:02:08 [ERROR]-[com.yf.core.util.ftp.FTPUtils.downLoadFile(FTPUtils.java:147)] =======FTP客户端获取失败！=======
2017-06-25 11:02:13 [ERROR]-[com.yf.core.util.ftp.FTPUtils.getFtpClient(FTPUtils.java:73)] =======FTP连接异常[IO异常]！=======
org.apache.commons.net.ftp.FTPConnectionClosedException: Connection closed without indication.
	at org.apache.commons.net.ftp.FTP.__getReply(FTP.java:316)
	at org.apache.commons.net.ftp.FTP.__getReply(FTP.java:292)
	at org.apache.commons.net.ftp.FTP._connectAction_(FTP.java:418)
	at org.apache.commons.net.ftp.FTPClient._connectAction_(FTPClient.java:966)
	at org.apache.commons.net.ftp.FTPClient._connectAction_(FTPClient.java:954)
	at org.apache.commons.net.SocketClient.connect(SocketClient.java:189)
	at org.apache.commons.net.SocketClient.connect(SocketClient.java:209)
	at com.yf.core.util.ftp.FTPUtils.getFtpClient(FTPUtils.java:66)
	at com.yf.core.util.ftp.FTPUtils.downLoadFile(FTPUtils.java:144)
	at com.yf.core.util.ftp.FTPUtils.main(FTPUtils.java:218)
2017-06-25 11:02:13 [ERROR]-[com.yf.core.util.ftp.FTPUtils.downLoadFile(FTPUtils.java:147)] =======FTP客户端获取失败！=======
2017-06-25 11:28:56 [ERROR]-[com.yf.core.util.common.DateUtils.date2String(DateUtils.java:65)] date2String error
java.lang.IllegalArgumentException: Illegal pattern character 'l'
	at java.text.SimpleDateFormat.compile(SimpleDateFormat.java:826)
	at java.text.SimpleDateFormat.initialize(SimpleDateFormat.java:634)
	at java.text.SimpleDateFormat.<init>(SimpleDateFormat.java:605)
	at java.text.SimpleDateFormat.<init>(SimpleDateFormat.java:580)
	at com.yf.core.util.common.DateUtils.date2String(DateUtils.java:62)
	at com.yf.core.util.common.DateUtils.main(DateUtils.java:72)
2017-06-25 11:29:29 [ERROR]-[com.yf.core.util.common.DateUtils.date2String(DateUtils.java:66)] date2String error
java.lang.IllegalArgumentException: Illegal pattern character 'l'
	at java.text.SimpleDateFormat.compile(SimpleDateFormat.java:826)
	at java.text.SimpleDateFormat.initialize(SimpleDateFormat.java:634)
	at java.text.SimpleDateFormat.<init>(SimpleDateFormat.java:605)
	at java.text.SimpleDateFormat.<init>(SimpleDateFormat.java:580)
	at com.yf.core.util.common.DateUtils.date2String(DateUtils.java:62)
	at com.yf.core.util.common.DateUtils.main(DateUtils.java:73)
2017-06-25 11:29:35 [ERROR]-[com.yf.core.util.common.DateUtils.date2String(DateUtils.java:65)] date2String error
java.lang.IllegalArgumentException: Illegal pattern character 'l'
	at java.text.SimpleDateFormat.compile(SimpleDateFormat.java:826)
	at java.text.SimpleDateFormat.initialize(SimpleDateFormat.java:634)
	at java.text.SimpleDateFormat.<init>(SimpleDateFormat.java:605)
	at java.text.SimpleDateFormat.<init>(SimpleDateFormat.java:580)
	at com.yf.core.util.common.DateUtils.date2String(DateUtils.java:62)
	at com.yf.core.util.common.DateUtils.main(DateUtils.java:72)
2017-06-25 11:29:52 [ERROR]-[com.yf.core.util.common.DateUtils.date2String(DateUtils.java:65)] date2String error
2017-06-25 11:30:00 [ERROR]-[com.yf.core.util.common.DateUtils.date2String(DateUtils.java:65)] date2String error
2017-06-25 11:30:14 [ERROR]-[com.yf.core.util.common.DateUtils.date2String(DateUtils.java:65)] date2String error
2017-06-25 11:30:24 [ERROR]-[com.yf.core.util.common.DateUtils.date2String(DateUtils.java:65)] date2String error[]
java.lang.IllegalArgumentException: Illegal pattern character 'l'
	at java.text.SimpleDateFormat.compile(SimpleDateFormat.java:826)
	at java.text.SimpleDateFormat.initialize(SimpleDateFormat.java:634)
	at java.text.SimpleDateFormat.<init>(SimpleDateFormat.java:605)
	at java.text.SimpleDateFormat.<init>(SimpleDateFormat.java:580)
	at com.yf.core.util.common.DateUtils.date2String(DateUtils.java:62)
	at com.yf.core.util.common.DateUtils.main(DateUtils.java:72)
2017-06-25 11:30:30 [ERROR]-[com.yf.core.util.common.DateUtils.date2String(DateUtils.java:65)] date2String error[{}]
java.lang.IllegalArgumentException: Illegal pattern character 'l'
	at java.text.SimpleDateFormat.compile(SimpleDateFormat.java:826)
	at java.text.SimpleDateFormat.initialize(SimpleDateFormat.java:634)
	at java.text.SimpleDateFormat.<init>(SimpleDateFormat.java:605)
	at java.text.SimpleDateFormat.<init>(SimpleDateFormat.java:580)
	at com.yf.core.util.common.DateUtils.date2String(DateUtils.java:62)
	at com.yf.core.util.common.DateUtils.main(DateUtils.java:72)
2017-06-25 11:30:36 [ERROR]-[com.yf.core.util.common.DateUtils.date2String(DateUtils.java:65)] date2String error[{0}]
java.lang.IllegalArgumentException: Illegal pattern character 'l'
	at java.text.SimpleDateFormat.compile(SimpleDateFormat.java:826)
	at java.text.SimpleDateFormat.initialize(SimpleDateFormat.java:634)
	at java.text.SimpleDateFormat.<init>(SimpleDateFormat.java:605)
	at java.text.SimpleDateFormat.<init>(SimpleDateFormat.java:580)
	at com.yf.core.util.common.DateUtils.date2String(DateUtils.java:62)
	at com.yf.core.util.common.DateUtils.main(DateUtils.java:72)
2017-06-25 11:30:42 [ERROR]-[com.yf.core.util.common.DateUtils.date2String(DateUtils.java:65)] date2String error.
java.lang.IllegalArgumentException: Illegal pattern character 'l'
	at java.text.SimpleDateFormat.compile(SimpleDateFormat.java:826)
	at java.text.SimpleDateFormat.initialize(SimpleDateFormat.java:634)
	at java.text.SimpleDateFormat.<init>(SimpleDateFormat.java:605)
	at java.text.SimpleDateFormat.<init>(SimpleDateFormat.java:580)
	at com.yf.core.util.common.DateUtils.date2String(DateUtils.java:62)
	at com.yf.core.util.common.DateUtils.main(DateUtils.java:72)
2017-06-25 15:32:30 [ERROR]-[com.yf.core.util.common.DateUtils.str2Date(DateUtils.java:90)] str parse to date error.
java.text.ParseException: Unparseable date: "2017-06-25 15:32:17"
	at java.text.DateFormat.parse(DateFormat.java:366)
	at com.yf.core.util.common.DateUtils.str2Date(DateUtils.java:88)
	at com.yf.core.util.common.DateUtils.main(DateUtils.java:97)
